============================= test session starts =============================
platform win32 -- Python 3.10.10, pytest-8.1.1, pluggy-1.6.0 -- C:\Users\gaoyuan\AppData\Local\Programs\Python\Python310\python.exe
cachedir: .pytest_cache
rootdir: E:\pycharm\AI_PROJECT_CODE\Fire_Alarm_Sys\backend
configfile: pytest.ini
testpaths: tests
plugins: anyio-4.14.1, asyncio-0.23.8, cov-7.1.0, md-report-0.6.2, order-1.2.0
asyncio: mode=auto
collecting ... collected 119 items

tests/test_auth.py::test_login_success PASSED                            [  0%]
tests/test_auth.py::test_login_wrong_password_remaining_attempts PASSED  [  1%]
tests/test_auth.py::test_login_fifth_failure_locks_account PASSED        [  2%]
tests/test_auth.py::test_login_during_lock_rejected PASSED               [  3%]
tests/test_auth.py::test_refresh_token PASSED                            [  4%]
tests/test_auth.py::test_logout_blacklist PASSED                         [  5%]
tests/test_auth_service.py::test_parse_user_agent_desktop PASSED         [  5%]
tests/test_auth_service.py::test_parse_user_agent_mobile PASSED          [  6%]
tests/test_auth_service.py::test_parse_user_agent_none PASSED            [  7%]
tests/test_auth_service.py::test_is_account_locked_active PASSED         [  8%]
tests/test_auth_service.py::test_is_account_locked_still_locked PASSED   [  9%]
tests/test_auth_service.py::test_is_account_locked_auto_unlock PASSED    [ 10%]
tests/test_auth_service.py::test_create_token_pair PASSED                [ 10%]
tests/test_auth_service.py::test_save_token_whitelist PASSED             [ 11%]
tests/test_auth_service.py::test_authenticate_success PASSED             [ 12%]
tests/test_auth_service.py::test_authenticate_wrong_password PASSED      [ 13%]
tests/test_auth_service.py::test_authenticate_user_not_found PASSED      [ 14%]
tests/test_auth_service.py::test_authenticate_disabled PASSED            [ 15%]
tests/test_auth_service.py::test_authenticate_locked PASSED              [ 15%]
tests/test_auth_service.py::test_login_user_success PASSED               [ 16%]
tests/test_auth_service.py::test_login_user_wrong_password PASSED        [ 17%]
tests/test_auth_service.py::test_login_user_locked PASSED                [ 18%]
tests/test_auth_service.py::test_refresh_access_token_success PASSED     [ 19%]
tests/test_auth_service.py::test_refresh_access_token_invalid_type PASSED [ 20%]
tests/test_auth_service.py::test_refresh_access_token_not_in_whitelist PASSED [ 21%]
tests/test_auth_service.py::test_logout_user PASSED                      [ 21%]
tests/test_auth_service.py::test_record_login_log PASSED                 [ 22%]
tests/test_crud_base.py::test_crud_get PASSED                            [ 23%]
tests/test_crud_base.py::test_crud_get_not_found PASSED                  [ 24%]
tests/test_crud_base.py::test_crud_get_multi PASSED                      [ 25%]
tests/test_crud_base.py::test_crud_get_multi_skip PASSED                 [ 26%]
tests/test_crud_base.py::test_crud_create PASSED                         [ 26%]
tests/test_crud_base.py::test_crud_update_with_schema PASSED             [ 27%]
tests/test_crud_base.py::test_crud_update_with_dict PASSED               [ 28%]
tests/test_crud_base.py::test_crud_delete PASSED                         [ 29%]
tests/test_crud_base.py::test_crud_delete_not_found PASSED               [ 30%]
tests/test_data_scope.py::test_data_scope_all PASSED                     [ 31%]
tests/test_data_scope.py::test_data_scope_dept PASSED                    [ 31%]
tests/test_data_scope.py::test_data_scope_self PASSED                    [ 32%]
tests/test_device_crud.py::test_create_device PASSED                     [ 33%]
tests/test_device_crud.py::test_create_device_duplicate_code_rejected PASSED [ 34%]
tests/test_device_crud.py::test_create_device_invalid_attributes_rejected PASSED [ 35%]
tests/test_device_crud.py::test_create_device_unknown_type_rejected PASSED [ 36%]
tests/test_device_crud.py::test_create_device_invalid_status_rejected PASSED [ 36%]
tests/test_device_crud.py::test_get_device_detail_and_404 PASSED         [ 37%]
tests/test_device_crud.py::test_update_device PASSED                     [ 38%]
tests/test_device_crud.py::test_update_device_code_conflict PASSED       [ 39%]
tests/test_device_crud.py::test_update_device_rejects_retired_via_put PASSED [ 40%]
tests/test_device_crud.py::test_retire_device_flow PASSED                [ 41%]
tests/test_device_crud.py::test_retire_writes_status_log PASSED          [ 42%]
tests/test_device_crud.py::test_delete_device_is_soft_delete PASSED      [ 42%]
tests/test_device_filter.py::test_keyword_matches_code_and_name PASSED   [ 43%]
tests/test_device_filter.py::test_combined_filters PASSED                [ 44%]
tests/test_device_filter.py::test_pagination_bounds PASSED               [ 45%]
tests/test_device_filter.py::test_retired_hidden_by_default PASSED       [ 46%]
tests/test_device_history.py::test_history_aggregates_status_changes PASSED [ 47%]
tests/test_device_history.py::test_history_declares_unavailable_sources PASSED [ 47%]
tests/test_device_history.py::test_history_empty_and_not_found PASSED    [ 48%]
tests/test_device_import.py::test_download_template PASSED               [ 49%]
tests/test_device_import.py::test_import_all_valid_rows PASSED           [ 50%]
tests/test_device_import.py::test_import_writes_archive_status_log PASSED [ 51%]
tests/test_device_import.py::test_import_duplicate_code PASSED           [ 52%]
tests/test_device_import.py::test_import_unknown_org_and_type PASSED     [ 52%]
tests/test_device_import.py::test_import_attribute_validation_detail PASSED [ 53%]
tests/test_device_import.py::test_import_rolls_back_when_failure_rate_too_high PASSED [ 54%]
tests/test_device_import.py::test_import_rejects_bad_file PASSED         [ 55%]
tests/test_device_permission.py::test_data_scope_all_sees_everything PASSED [ 56%]
tests/test_device_permission.py::test_data_scope_dept_limits_to_subtree PASSED [ 57%]
tests/test_device_permission.py::test_data_scope_self_limits_to_creator PASSED [ 57%]
tests/test_device_permission.py::test_missing_permission_rejected PASSED [ 58%]
tests/test_device_permission.py::test_duty_officer_cannot_write PASSED   [ 59%]
tests/test_device_type.py::test_preset_device_types_complete PASSED      [ 60%]
tests/test_device_type.py::test_validate_attributes_tolerates_bad_schema PASSED [ 61%]
tests/test_device_type.py::test_device_types_list_requires_only_login PASSED [ 62%]
tests/test_device_type.py::test_device_type_detail_and_404 PASSED        [ 63%]
tests/test_organization.py::test_organizations_flat_list PASSED          [ 63%]
tests/test_organization.py::test_organizations_tree_nesting_and_order PASSED [ 64%]
tests/test_organization.py::test_organizations_tree_promotes_orphans PASSED [ 65%]
tests/test_organization.py::test_organizations_require_login PASSED      [ 66%]
tests/test_role.py::test_get_roles_pagination PASSED                     [ 67%]
tests/test_role.py::test_get_roles_filter_by_role_code PASSED            [ 68%]
tests/test_role.py::test_get_roles_filter_by_role_name PASSED            [ 68%]
tests/test_role.py::test_create_role_with_permissions PASSED             [ 69%]
tests/test_role.py::test_update_role_and_rebind_permissions PASSED       [ 70%]
tests/test_role.py::test_delete_role_success PASSED                      [ 71%]
tests/test_role.py::test_delete_builtin_role_forbidden PASSED            [ 72%]
tests/test_role.py::test_delete_role_with_users_forbidden PASSED         [ 73%]
tests/test_role.py::test_get_role_permissions_list PASSED                [ 73%]
tests/test_role.py::test_role_api_permission_denied PASSED               [ 74%]
tests/test_user.py::test_get_me_success PASSED                           [ 75%]
tests/test_user.py::test_get_me_unauthorized PASSED                      [ 76%]
tests/test_user.py::test_get_my_menus PASSED                             [ 77%]
tests/test_user.py::test_get_my_permissions PASSED                       [ 78%]
tests/test_user.py::test_get_permissions_tree_forbidden PASSED           [ 78%]
tests/test_user.py::test_get_permissions_tree_success PASSED             [ 79%]
tests/test_user_management.py::test_get_users_list_success PASSED        [ 80%]
tests/test_user_management.py::test_get_users_forbidden PASSED           [ 81%]
tests/test_user_management.py::test_create_user_success PASSED           [ 82%]
tests/test_user_management.py::test_create_user_duplicate_username PASSED [ 83%]
tests/test_user_management.py::test_update_user_success PASSED           [ 84%]
tests/test_user_management.py::test_update_user_not_found PASSED         [ 84%]
tests/test_user_management.py::test_disable_and_enable_user PASSED       [ 85%]
tests/test_user_management.py::test_unlock_user_clears_lock PASSED       [ 86%]
tests/test_user_management.py::test_cannot_self_disable PASSED           [ 87%]
tests/test_user_management.py::test_assign_roles_to_user PASSED          [ 88%]
tests/test_user_management.py::test_reset_password_success PASSED        [ 89%]
tests/test_user_management.py::test_delete_user_success PASSED           [ 89%]
tests/test_user_management.py::test_cannot_self_delete PASSED            [ 90%]
tests/test_user_management.py::test_get_all_roles PASSED                 [ 91%]
tests/test_user_management.py::test_user_list_keyword_filter PASSED      [ 92%]
tests/test_user_service.py::test_get_user_with_roles_success PASSED      [ 93%]
tests/test_user_service.py::test_get_user_with_roles_not_found PASSED    [ 94%]
tests/test_user_service.py::test_apply_data_scope_all PASSED             [ 94%]
tests/test_user_service.py::test_apply_data_scope_self PASSED            [ 95%]
tests/test_user_service.py::test_apply_data_scope_self_no_created_by_field PASSED [ 96%]
tests/test_user_service.py::test_apply_data_scope_dept PASSED            [ 97%]
tests/test_user_service.py::test_apply_data_scope_dept_no_org_id PASSED  [ 98%]
tests/test_user_service.py::test_apply_data_scope_dept_no_org_id_field PASSED [ 99%]
tests/test_user_service.py::test_apply_data_scope_unknown_scope PASSED   [100%]

============================ 119 passed in 30.81s =============================
