{"numTotalTestSuites":40,"numPassedTestSuites":40,"numFailedTestSuites":0,"numPendingTestSuites":0,"numTotalTests":106,"numPassedTests":106,"numFailedTests":0,"numPendingTests":0,"numTodoTests":0,"startTime":1788903383850,"success":true,"testResults":[{"assertionResults":[{"ancestorTitles":["","api/user.js"],"fullName":" api/user.js getMe 调用 GET /users/me","status":"passed","title":"getMe 调用 GET /users/me","duration":4,"failureMessages":[]},{"ancestorTitles":["","api/user.js"],"fullName":" api/user.js getMenus 调用 GET /users/me/menus","status":"passed","title":"getMenus 调用 GET /users/me/menus","duration":1,"failureMessages":[]},{"ancestorTitles":["","api/user.js"],"fullName":" api/user.js getPermissions 调用 GET /users/me/permissions","status":"passed","title":"getPermissions 调用 GET /users/me/permissions","duration":0,"failureMessages":[]},{"ancestorTitles":["","api/user.js"],"fullName":" api/user.js getUsers 调用 GET /users 并携带查询参数","status":"passed","title":"getUsers 调用 GET /users 并携带查询参数","duration":1,"failureMessages":[]},{"ancestorTitles":["","api/user.js"],"fullName":" api/user.js createUser 调用 POST /users","status":"passed","title":"createUser 调用 POST /users","duration":0,"failureMessages":[]},{"ancestorTitles":["","api/user.js"],"fullName":" api/user.js updateUser 调用 PUT /users/:id","status":"passed","title":"updateUser 调用 PUT /users/:id","duration":0,"failureMessages":[]},{"ancestorTitles":["","api/user.js"],"fullName":" api/user.js deleteUser 调用 DELETE /users/:id","status":"passed","title":"deleteUser 调用 DELETE /users/:id","duration":0,"failureMessages":[]},{"ancestorTitles":["","api/user.js"],"fullName":" api/user.js updateUserStatus 调用 PUT /users/:id/status","status":"passed","title":"updateUserStatus 调用 PUT /users/:id/status","duration":0,"failureMessages":[]},{"ancestorTitles":["","api/user.js"],"fullName":" api/user.js assignUserRoles 调用 PUT /users/:id/roles","status":"passed","title":"assignUserRoles 调用 PUT /users/:id/roles","duration":0,"failureMessages":[]},{"ancestorTitles":["","api/user.js"],"fullName":" api/user.js resetUserPassword 调用 PUT /users/:id/reset-password","status":"passed","title":"resetUserPassword 调用 PUT /users/:id/reset-password","duration":1,"failureMessages":[]},{"ancestorTitles":["","api/user.js"],"fullName":" api/user.js getAllRoles 调用 GET /users/roles/all","status":"passed","title":"getAllRoles 调用 GET /users/roles/all","duration":0,"failureMessages":[]}],"startTime":1788903388194,"endTime":1788903388202,"status":"passed","message":"","name":"E:/pycharm/AI_PROJECT_CODE/Fire_Alarm_Sys/frontend/src/api/__tests__/user.spec.js"},{"assertionResults":[{"ancestorTitles":["","SidebarItem.vue"],"fullName":" SidebarItem.vue 应正确渲染叶子菜单项的标题（真实后端数据结构）","status":"passed","title":"应正确渲染叶子菜单项的标题（真实后端数据结构）","duration":48,"failureMessages":[]},{"ancestorTitles":["","SidebarItem.vue"],"fullName":" SidebarItem.vue 应递归渲染带子菜单的父菜单","status":"passed","title":"应递归渲染带子菜单的父菜单","duration":15,"failureMessages":[]},{"ancestorTitles":["","SidebarItem.vue"],"fullName":" SidebarItem.vue 无子菜单时应渲染为 el-menu-item","status":"passed","title":"无子菜单时应渲染为 el-menu-item","duration":24,"failureMessages":[]},{"ancestorTitles":["","SidebarItem.vue"],"fullName":" SidebarItem.vue 有子菜单时应渲染为 el-sub-menu","status":"passed","title":"有子菜单时应渲染为 el-sub-menu","duration":13,"failureMessages":[]},{"ancestorTitles":["","SidebarItem.vue"],"fullName":" SidebarItem.vue 无 icon 时不应渲染 el-icon","status":"passed","title":"无 icon 时不应渲染 el-icon","duration":4,"failureMessages":[]},{"ancestorTitles":["","SidebarItem.vue"],"fullName":" SidebarItem.vue 有 icon 时应渲染 el-icon","status":"passed","title":"有 icon 时应渲染 el-icon","duration":6,"failureMessages":[]},{"ancestorTitles":["","SidebarItem.vue"],"fullName":" SidebarItem.vue 应使用 path 作为 index","status":"passed","title":"应使用 path 作为 index","duration":4,"failureMessages":[]}],"startTime":1788903388356,"endTime":1788903388470,"status":"passed","message":"","name":"E:/pycharm/AI_PROJECT_CODE/Fire_Alarm_Sys/frontend/src/components/__tests__/SidebarItem.spec.js"},{"assertionResults":[{"ancestorTitles":["","router guard"],"fullName":" router guard 白名单路由 /login 直接放行","status":"passed","title":"白名单路由 /login 直接放行","duration":92,"failureMessages":[]},{"ancestorTitles":["","router guard"],"fullName":" router guard 无 Token 时访问非白名单路由应跳转到 /login","status":"passed","title":"无 Token 时访问非白名单路由应跳转到 /login","duration":2,"failureMessages":[]},{"ancestorTitles":["","router guard"],"fullName":" router guard 已登录且菜单未加载时应获取菜单并重新导航","status":"passed","title":"已登录且菜单未加载时应获取菜单并重新导航","duration":127,"failureMessages":[]},{"ancestorTitles":["","router guard"],"fullName":" router guard 已登录且有权限访问 /system/role 应放行","status":"passed","title":"已登录且有权限访问 /system/role 应放行","duration":2,"failureMessages":[]},{"ancestorTitles":["","router guard"],"fullName":" router guard 已登录但无权限访问应跳转到 /403","status":"passed","title":"已登录但无权限访问应跳转到 /403","duration":19,"failureMessages":[]},{"ancestorTitles":["","router guard"],"fullName":" router guard 含参数路由应使用路由定义 path 而非实际 URL","status":"passed","title":"含参数路由应使用路由定义 path 而非实际 URL","duration":1,"failureMessages":[]},{"ancestorTitles":["","router guard"],"fullName":" router guard 访问根路径 / 应放行","status":"passed","title":"访问根路径 / 应放行","duration":1,"failureMessages":[]}],"startTime":1788903399494,"endTime":1788903399738,"status":"passed","message":"","name":"E:/pycharm/AI_PROJECT_CODE/Fire_Alarm_Sys/frontend/src/router/__tests__/index.spec.js"},{"assertionResults":[{"ancestorTitles":["","alarmNotifier 分级提示音"],"fullName":" alarmNotifier 分级提示音 按报警类型选择音频，火警循环播放、故障响一次","status":"passed","title":"按报警类型选择音频，火警循环播放、故障响一次","duration":3,"failureMessages":[]},{"ancestorTitles":["","alarmNotifier 分级提示音"],"fullName":" alarmNotifier 分级提示音 通知与音频任一不可用时静默降级，不抛错","status":"passed","title":"通知与音频任一不可用时静默降级，不抛错","duration":2,"failureMessages":[]},{"ancestorTitles":["","alarmNotifier 分级提示音"],"fullName":" alarmNotifier 分级提示音 全局静音后不再播放，单条消音只停该条","status":"passed","title":"全局静音后不再播放，单条消音只停该条","duration":2,"failureMessages":[]},{"ancestorTitles":["","alarmNotifier 通知文案"],"fullName":" alarmNotifier 通知文案 缺少位置信息时只展示设备","status":"passed","title":"缺少位置信息时只展示设备","duration":0,"failureMessages":[]}],"startTime":1788903386190,"endTime":1788903386197,"status":"passed","message":"","name":"E:/pycharm/AI_PROJECT_CODE/Fire_Alarm_Sys/frontend/src/services/__tests__/alarmNotifier.spec.js"},{"assertionResults":[{"ancestorTitles":["","auth store"],"fullName":" auth store 初始状态应为未登录","status":"passed","title":"初始状态应为未登录","duration":5,"failureMessages":[]},{"ancestorTitles":["","auth store"],"fullName":" auth store login 成功应设置 token 和用户信息","status":"passed","title":"login 成功应设置 token 和用户信息","duration":3,"failureMessages":[]},{"ancestorTitles":["","auth store"],"fullName":" auth store login 响应无 access_token 应抛异常","status":"passed","title":"login 响应无 access_token 应抛异常","duration":3,"failureMessages":[]},{"ancestorTitles":["","auth store"],"fullName":" auth store fetchUserInfo 应更新用户信息","status":"passed","title":"fetchUserInfo 应更新用户信息","duration":0,"failureMessages":[]},{"ancestorTitles":["","auth store"],"fullName":" auth store logout 应清除所有本地状态","status":"passed","title":"logout 应清除所有本地状态","duration":1,"failureMessages":[]},{"ancestorTitles":["","auth store"],"fullName":" auth store logout 即使接口失败也清除本地状态","status":"passed","title":"logout 即使接口失败也清除本地状态","duration":0,"failureMessages":[]}],"startTime":1788903390009,"endTime":1788903390021,"status":"passed","message":"","name":"E:/pycharm/AI_PROJECT_CODE/Fire_Alarm_Sys/frontend/src/stores/__tests__/auth.spec.js"},{"assertionResults":[{"ancestorTitles":["","monitor store"],"fullName":" monitor store 分发帧：新报警入列并鸣响、设备状态打补丁、消音不改状态","status":"passed","title":"分发帧：新报警入列并鸣响、设备状态打补丁、消音不改状态","duration":11,"failureMessages":[]},{"ancestorTitles":["","monitor store"],"fullName":" monitor store 未确认火警始终置顶，其余按报警时间倒序","status":"passed","title":"未确认火警始终置顶，其余按报警时间倒序","duration":3,"failureMessages":[]},{"ancestorTitles":["","monitor store"],"fullName":" monitor store resync_required 时清空增量并全量刷新","status":"passed","title":"resync_required 时清空增量并全量刷新","duration":2,"failureMessages":[]},{"ancestorTitles":["","monitor store"],"fullName":" monitor store 静音态与连接质量状态由 store 统一持有","status":"passed","title":"静音态与连接质量状态由 store 统一持有","duration":1,"failureMessages":[]}],"startTime":1788903386679,"endTime":1788903386696,"status":"passed","message":"","name":"E:/pycharm/AI_PROJECT_CODE/Fire_Alarm_Sys/frontend/src/stores/__tests__/monitor.spec.js"},{"assertionResults":[{"ancestorTitles":["","permission store"],"fullName":" permission store 初始状态应正确","status":"passed","title":"初始状态应正确","duration":7,"failureMessages":[]},{"ancestorTitles":["","permission store"],"fullName":" permission store generateRoutes 应获取菜单并生成动态路由","status":"passed","title":"generateRoutes 应获取菜单并生成动态路由","duration":4,"failureMessages":[]},{"ancestorTitles":["","permission store"],"fullName":" permission store generateRoutes 的 layout redirect 应指向第一个菜单路径","status":"passed","title":"generateRoutes 的 layout redirect 应指向第一个菜单路径","duration":1,"failureMessages":[]},{"ancestorTitles":["","permission store"],"fullName":" permission store generateRoutes 无菜单时应 redirect 到 /dashboard","status":"passed","title":"generateRoutes 无菜单时应 redirect 到 /dashboard","duration":1,"failureMessages":[]},{"ancestorTitles":["","permission store"],"fullName":" permission store resetPermission 应清空所有状态","status":"passed","title":"resetPermission 应清空所有状态","duration":1,"failureMessages":[]}],"startTime":1788903388311,"endTime":1788903388325,"status":"passed","message":"","name":"E:/pycharm/AI_PROJECT_CODE/Fire_Alarm_Sys/frontend/src/stores/__tests__/permission.spec.js"},{"assertionResults":[{"ancestorTitles":["","auth utils"],"fullName":" auth utils getToken 应从 localStorage 读取","status":"passed","title":"getToken 应从 localStorage 读取","duration":2,"failureMessages":[]},{"ancestorTitles":["","auth utils"],"fullName":" auth utils getToken 无值时应返回 null","status":"passed","title":"getToken 无值时应返回 null","duration":0,"failureMessages":[]},{"ancestorTitles":["","auth utils"],"fullName":" auth utils setToken 应写入 localStorage","status":"passed","title":"setToken 应写入 localStorage","duration":0,"failureMessages":[]},{"ancestorTitles":["","auth utils"],"fullName":" auth utils removeToken 应删除 localStorage 中的 token","status":"passed","title":"removeToken 应删除 localStorage 中的 token","duration":0,"failureMessages":[]},{"ancestorTitles":["","auth utils"],"fullName":" auth utils getTokenExpiry 应正确解析 exp","status":"passed","title":"getTokenExpiry 应正确解析 exp","duration":0,"failureMessages":[]},{"ancestorTitles":["","auth utils"],"fullName":" auth utils getTokenExpiry 对非法 token 应返回 null","status":"passed","title":"getTokenExpiry 对非法 token 应返回 null","duration":1,"failureMessages":[]},{"ancestorTitles":["","auth utils"],"fullName":" auth utils isTokenExpiringSoon 在即将过期时应返回 true","status":"passed","title":"isTokenExpiringSoon 在即将过期时应返回 true","duration":0,"failureMessages":[]},{"ancestorTitles":["","auth utils"],"fullName":" auth utils isTokenExpiringSoon 在足够远时不应返回 true","status":"passed","title":"isTokenExpiringSoon 在足够远时不应返回 true","duration":0,"failureMessages":[]},{"ancestorTitles":["","auth utils"],"fullName":" auth utils isTokenExpiringSoon 对非法 token 应视为即将过期","status":"passed","title":"isTokenExpiringSoon 对非法 token 应视为即将过期","duration":1,"failureMessages":[]},{"ancestorTitles":["","auth utils"],"fullName":" auth utils clearAuth 应清除 token","status":"passed","title":"clearAuth 应清除 token","duration":0,"failureMessages":[]}],"startTime":1788903390002,"endTime":1788903390007,"status":"passed","message":"","name":"E:/pycharm/AI_PROJECT_CODE/Fire_Alarm_Sys/frontend/src/utils/__tests__/auth.spec.js"},{"assertionResults":[{"ancestorTitles":["","utils/device.js"],"fullName":" utils/device.js 状态标签覆盖后端全部枚举值","status":"passed","title":"状态标签覆盖后端全部枚举值","duration":2,"failureMessages":[]},{"ancestorTitles":["","utils/device.js"],"fullName":" utils/device.js 仅已退役为终态","status":"passed","title":"仅已退役为终态","duration":0,"failureMessages":[]},{"ancestorTitles":["","utils/device.js"],"fullName":" utils/device.js 去掉叶子节点的空 children","status":"passed","title":"去掉叶子节点的空 children","duration":1,"failureMessages":[]},{"ancestorTitles":["","utils/device.js"],"fullName":" utils/device.js number 类型扩展属性用 null 占位，其余用空串","status":"passed","title":"number 类型扩展属性用 null 占位，其余用空串","duration":1,"failureMessages":[]},{"ancestorTitles":["","utils/device.js"],"fullName":" utils/device.js 合并已有属性时补齐 schema 键并保留原值","status":"passed","title":"合并已有属性时补齐 schema 键并保留原值","duration":0,"failureMessages":[]},{"ancestorTitles":["","utils/device.js"],"fullName":" utils/device.js 解析扩展属性字段时降级不支持的类型","status":"passed","title":"解析扩展属性字段时降级不支持的类型","duration":3,"failureMessages":[]}],"startTime":1788903388580,"endTime":1788903388588,"status":"passed","message":"","name":"E:/pycharm/AI_PROJECT_CODE/Fire_Alarm_Sys/frontend/src/utils/__tests__/device.spec.js"},{"assertionResults":[{"ancestorTitles":["","geo 坐标换算"],"fullName":" geo 坐标换算 像素 ↔ 归一化 ↔ Leaflet 经纬度可往返，Y 轴按 top_left 翻转","status":"passed","title":"像素 ↔ 归一化 ↔ Leaflet 经纬度可往返，Y 轴按 top_left 翻转","duration":2,"failureMessages":[]},{"ancestorTitles":["","geo 坐标换算"],"fullName":" geo 坐标换算 压缩基准变更后的点位换算与视口 bbox 序列化","status":"passed","title":"压缩基准变更后的点位换算与视口 bbox 序列化","duration":1,"failureMessages":[]}],"startTime":1788903390117,"endTime":1788903390120,"status":"passed","message":"","name":"E:/pycharm/AI_PROJECT_CODE/Fire_Alarm_Sys/frontend/src/utils/__tests__/geo.spec.js"},{"assertionResults":[{"ancestorTitles":["","generateRoutesFromMenus"],"fullName":" generateRoutesFromMenus 应将叶子菜单生成为路由","status":"passed","title":"应将叶子菜单生成为路由","duration":6,"failureMessages":[]},{"ancestorTitles":["","generateRoutesFromMenus"],"fullName":" generateRoutesFromMenus 应跳过 component 为 Layout 的父菜单，只展开子路由","status":"passed","title":"应跳过 component 为 Layout 的父菜单，只展开子路由","duration":1,"failureMessages":[]},{"ancestorTitles":["","generateRoutesFromMenus"],"fullName":" generateRoutesFromMenus 应支持多级嵌套菜单","status":"passed","title":"应支持多级嵌套菜单","duration":1,"failureMessages":[]},{"ancestorTitles":["","generateRoutesFromMenus"],"fullName":" generateRoutesFromMenus 没有 component 的菜单应生成无 component 的路由","status":"passed","title":"没有 component 的菜单应生成无 component 的路由","duration":1,"failureMessages":[]},{"ancestorTitles":["","generateRoutesFromMenus"],"fullName":" generateRoutesFromMenus 空菜单数组应返回空路由数组","status":"passed","title":"空菜单数组应返回空路由数组","duration":1,"failureMessages":[]},{"ancestorTitles":["","collectPaths"],"fullName":" collectPaths 应收集所有菜单路径（含嵌套）","status":"passed","title":"应收集所有菜单路径（含嵌套）","duration":1,"failureMessages":[]},{"ancestorTitles":["","collectPaths"],"fullName":" collectPaths 应兼容 path 字段（当 route_path 不存在时）","status":"passed","title":"应兼容 path 字段（当 route_path 不存在时）","duration":1,"failureMessages":[]},{"ancestorTitles":["","collectPaths"],"fullName":" collectPaths 空数组应返回空数组","status":"passed","title":"空数组应返回空数组","duration":0,"failureMessages":[]}],"startTime":1788903386194,"endTime":1788903386206,"status":"passed","message":"","name":"E:/pycharm/AI_PROJECT_CODE/Fire_Alarm_Sys/frontend/src/utils/__tests__/menu.spec.js"},{"assertionResults":[{"ancestorTitles":["","request.js"],"fullName":" request.js 应导出 axios 实例","status":"passed","title":"应导出 axios 实例","duration":1,"failureMessages":[]},{"ancestorTitles":["","request.js"],"fullName":" request.js 实例应具有正确的超时设置","status":"passed","title":"实例应具有正确的超时设置","duration":0,"failureMessages":[]},{"ancestorTitles":["","request.js"],"fullName":" request.js 实例应具有 Content-Type header","status":"passed","title":"实例应具有 Content-Type header","duration":1,"failureMessages":[]},{"ancestorTitles":["","request.js"],"fullName":" request.js 应注册了请求拦截器","status":"passed","title":"应注册了请求拦截器","duration":0,"failureMessages":[]},{"ancestorTitles":["","request.js"],"fullName":" request.js 应注册了响应拦截器","status":"passed","title":"应注册了响应拦截器","duration":0,"failureMessages":[]}],"startTime":1788903399394,"endTime":1788903399396,"status":"passed","message":"","name":"E:/pycharm/AI_PROJECT_CODE/Fire_Alarm_Sys/frontend/src/utils/__tests__/request.spec.js"},{"assertionResults":[{"ancestorTitles":["","websocket 客户端"],"fullName":" websocket 客户端 重连按 1/2/4/8/16/30s 指数退避并在上限封顶","status":"passed","title":"重连按 1/2/4/8/16/30s 指数退避并在上限封顶","duration":6,"failureMessages":[]},{"ancestorTitles":["","websocket 客户端"],"fullName":" websocket 客户端 记录帧 id 到 sessionStorage 并在重连时携带 last_msg_id","status":"passed","title":"记录帧 id 到 sessionStorage 并在重连时携带 last_msg_id","duration":4,"failureMessages":[]},{"ancestorTitles":["","websocket 客户端"],"fullName":" websocket 客户端 每次（重）连都重新换取一次性 Ticket","status":"passed","title":"每次（重）连都重新换取一次性 Ticket","duration":2,"failureMessages":[]},{"ancestorTitles":["","websocket 客户端"],"fullName":" websocket 客户端 非连接态 send 与 Ticket 失败都不抛错","status":"passed","title":"非连接态 send 与 Ticket 失败都不抛错","duration":2,"failureMessages":[]}],"startTime":1788903386200,"endTime":1788903386214,"status":"passed","message":"","name":"E:/pycharm/AI_PROJECT_CODE/Fire_Alarm_Sys/frontend/src/utils/__tests__/websocket.spec.js"},{"assertionResults":[{"ancestorTitles":["","Archive.vue 设备档案列表"],"fullName":" Archive.vue 设备档案列表 挂载后加载列表并渲染设备行","status":"passed","title":"挂载后加载列表并渲染设备行","duration":425,"failureMessages":[]},{"ancestorTitles":["","Archive.vue 设备档案列表"],"fullName":" Archive.vue 设备档案列表 关键字搜索重置页码并带上筛选参数","status":"passed","title":"关键字搜索重置页码并带上筛选参数","duration":227,"failureMessages":[]},{"ancestorTitles":["","Archive.vue 设备档案列表"],"fullName":" Archive.vue 设备档案列表 「显示已退役」开关切换 include_retired","status":"passed","title":"「显示已退役」开关切换 include_retired","duration":185,"failureMessages":[]},{"ancestorTitles":["","Archive.vue 设备档案列表"],"fullName":" Archive.vue 设备档案列表 分页切换与每页条数变更都会重新请求","status":"passed","title":"分页切换与每页条数变更都会重新请求","duration":143,"failureMessages":[]},{"ancestorTitles":["","Archive.vue 设备档案列表"],"fullName":" Archive.vue 设备档案列表 已退役行加灰置样式且不显示编辑/退役按钮","status":"passed","title":"已退役行加灰置样式且不显示编辑/退役按钮","duration":134,"failureMessages":[]},{"ancestorTitles":["","Archive.vue 设备档案列表"],"fullName":" Archive.vue 设备档案列表 退役需填写原因，成功后调用接口并刷新列表","status":"passed","title":"退役需填写原因，成功后调用接口并刷新列表","duration":146,"failureMessages":[]},{"ancestorTitles":["","Archive.vue 设备档案列表"],"fullName":" Archive.vue 设备档案列表 取消退役确认时不调用退役接口","status":"passed","title":"取消退役确认时不调用退役接口","duration":120,"failureMessages":[]},{"ancestorTitles":["","Archive.vue 设备档案列表"],"fullName":" Archive.vue 设备档案列表 无 device:retire 权限时退役按钮隐藏","status":"passed","title":"无 device:retire 权限时退役按钮隐藏","duration":144,"failureMessages":[]},{"ancestorTitles":["","Archive.vue 设备档案列表"],"fullName":" Archive.vue 设备档案列表 无 device:delete 权限时删除按钮隐藏","status":"passed","title":"无 device:delete 权限时删除按钮隐藏","duration":112,"failureMessages":[]}],"startTime":1788903401156,"endTime":1788903402793,"status":"passed","message":"","name":"E:/pycharm/AI_PROJECT_CODE/Fire_Alarm_Sys/frontend/src/views/device/__tests__/Archive.spec.js"},{"assertionResults":[{"ancestorTitles":["","ArchiveDetail.vue 设备档案详情"],"fullName":" ArchiveDetail.vue 设备档案详情 打开时并行加载档案与历史并渲染字段","status":"passed","title":"打开时并行加载档案与历史并渲染字段","duration":132,"failureMessages":[]},{"ancestorTitles":["","ArchiveDetail.vue 设备档案详情"],"fullName":" ArchiveDetail.vue 设备档案详情 扩展属性按类型 schema 显示中文标签","status":"passed","title":"扩展属性按类型 schema 显示中文标签","duration":42,"failureMessages":[]},{"ancestorTitles":["","ArchiveDetail.vue 设备档案详情"],"fullName":" ArchiveDetail.vue 设备档案详情 历史记录按时间倒序展示变更内容与操作人","status":"passed","title":"历史记录按时间倒序展示变更内容与操作人","duration":38,"failureMessages":[]},{"ancestorTitles":["","ArchiveDetail.vue 设备档案详情"],"fullName":" ArchiveDetail.vue 设备档案详情 未上线的数据源以占位页签显式告知","status":"passed","title":"未上线的数据源以占位页签显式告知","duration":37,"failureMessages":[]},{"ancestorTitles":["","ArchiveDetail.vue 设备档案详情"],"fullName":" ArchiveDetail.vue 设备档案详情 档案接口失败时显示空态而不是抛错","status":"passed","title":"档案接口失败时显示空态而不是抛错","duration":12,"failureMessages":[]}],"startTime":1788903401117,"endTime":1788903401378,"status":"passed","message":"","name":"E:/pycharm/AI_PROJECT_CODE/Fire_Alarm_Sys/frontend/src/views/device/__tests__/ArchiveDetail.spec.js"},{"assertionResults":[{"ancestorTitles":["","ArchiveForm.vue 设备档案表单"],"fullName":" ArchiveForm.vue 设备档案表单 必填项为空时拦截提交","status":"passed","title":"必填项为空时拦截提交","duration":636,"failureMessages":[]},{"ancestorTitles":["","ArchiveForm.vue 设备档案表单"],"fullName":" ArchiveForm.vue 设备档案表单 新增提交时剔除空文本字段并把空日期归一为 null","status":"passed","title":"新增提交时剔除空文本字段并把空日期归一为 null","duration":339,"failureMessages":[]},{"ancestorTitles":["","ArchiveForm.vue 设备档案表单"],"fullName":" ArchiveForm.vue 设备档案表单 设备编码重复时阻止提交并给出冲突提示","status":"passed","title":"设备编码重复时阻止提交并给出冲突提示","duration":399,"failureMessages":[]},{"ancestorTitles":["","ArchiveForm.vue 设备档案表单"],"fullName":" ArchiveForm.vue 设备档案表单 编辑模式回填原值并按类型 schema 渲染扩展属性","status":"passed","title":"编辑模式回填原值并按类型 schema 渲染扩展属性","duration":369,"failureMessages":[]}],"startTime":1788903399730,"endTime":1788903401473,"status":"passed","message":"","name":"E:/pycharm/AI_PROJECT_CODE/Fire_Alarm_Sys/frontend/src/views/device/__tests__/ArchiveForm.spec.js"},{"assertionResults":[{"ancestorTitles":["","ArchiveImport.vue 批量导入"],"fullName":" ArchiveImport.vue 批量导入 未选择文件时导入按钮禁用","status":"passed","title":"未选择文件时导入按钮禁用","duration":73,"failureMessages":[]},{"ancestorTitles":["","ArchiveImport.vue 批量导入"],"fullName":" ArchiveImport.vue 批量导入 上传成功后展示汇总并通知父级刷新","status":"passed","title":"上传成功后展示汇总并通知父级刷新","duration":49,"failureMessages":[]},{"ancestorTitles":["","ArchiveImport.vue 批量导入"],"fullName":" ArchiveImport.vue 批量导入 部分失败时列出失败行明细并保留已导入数据","status":"passed","title":"部分失败时列出失败行明细并保留已导入数据","duration":100,"failureMessages":[]},{"ancestorTitles":["","ArchiveImport.vue 批量导入"],"fullName":" ArchiveImport.vue 批量导入 整批回滚时提示未写入任何数据","status":"passed","title":"整批回滚时提示未写入任何数据","duration":97,"failureMessages":[]},{"ancestorTitles":["","ArchiveImport.vue 批量导入"],"fullName":" ArchiveImport.vue 批量导入 下载模板时以 Blob 触发浏览器下载","status":"passed","title":"下载模板时以 Blob 触发浏览器下载","duration":28,"failureMessages":[]}],"startTime":1788903399730,"endTime":1788903400077,"status":"passed","message":"","name":"E:/pycharm/AI_PROJECT_CODE/Fire_Alarm_Sys/frontend/src/views/device/__tests__/ArchiveImport.spec.js"},{"assertionResults":[{"ancestorTitles":["","报警中心（F-16 / FR-016）"],"fullName":" 报警中心（F-16 / FR-016） 复位必须先勾选\"已确认现场物理状态恢复\"才可提交","status":"passed","title":"复位必须先勾选\"已确认现场物理状态恢复\"才可提交","duration":762,"failureMessages":[]},{"ancestorTitles":["","报警中心（F-16 / FR-016）"],"fullName":" 报警中心（F-16 / FR-016） 已解决的报警不再提供消音与复位入口","status":"passed","title":"已解决的报警不再提供消音与复位入口","duration":384,"failureMessages":[]}],"startTime":1788903399726,"endTime":1788903400872,"status":"passed","message":"","name":"E:/pycharm/AI_PROJECT_CODE/Fire_Alarm_Sys/frontend/src/views/alarm/__tests__/Center.spec.js"},{"assertionResults":[{"ancestorTitles":["","监控大屏（F-13 / FR-014）"],"fullName":" 监控大屏（F-13 / FR-014） 未确认火警置顶渲染，呼吸灯只作用于未消音火警","status":"passed","title":"未确认火警置顶渲染，呼吸灯只作用于未消音火警","duration":226,"failureMessages":[]},{"ancestorTitles":["","监控大屏（F-13 / FR-014）"],"fullName":" 监控大屏（F-13 / FR-014） 静音与消音操作按权限呈现并落到接口","status":"passed","title":"静音与消音操作按权限呈现并落到接口","duration":197,"failureMessages":[]}],"startTime":1788903401369,"endTime":1788903401793,"status":"passed","message":"","name":"E:/pycharm/AI_PROJECT_CODE/Fire_Alarm_Sys/frontend/src/views/monitor/__tests__/Dashboard.spec.js"}]}