{"numTotalTestSuites":112,"numPassedTestSuites":112,"numFailedTestSuites":0,"numPendingTestSuites":0,"numTotalTests":397,"numPassedTests":397,"numFailedTests":0,"numPendingTests":0,"numTodoTests":0,"startTime":1789796442803,"success":true,"testResults":[{"assertionResults":[{"ancestorTitles":["","api/alarm.js"],"fullName":" api/alarm.js getAlarms 调用 GET /alarms 并把 9 个筛选键放在 query","status":"passed","title":"getAlarms 调用 GET /alarms 并把 9 个筛选键放在 query","duration":3,"failureMessages":[]},{"ancestorTitles":["","api/alarm.js"],"fullName":" api/alarm.js getAlarm 调用 GET /alarms/:id","status":"passed","title":"getAlarm 调用 GET /alarms/:id","duration":1,"failureMessages":[]},{"ancestorTitles":["","api/alarm.js"],"fullName":" api/alarm.js confirmAlarm 调用 POST /alarms/:id/confirm 并把确认结果放在 body","status":"passed","title":"confirmAlarm 调用 POST /alarms/:id/confirm 并把确认结果放在 body","duration":0,"failureMessages":[]},{"ancestorTitles":["","api/alarm.js"],"fullName":" api/alarm.js silenceAlarm 调用 POST /alarms/:id/silence 且不带 body","status":"passed","title":"silenceAlarm 调用 POST /alarms/:id/silence 且不带 body","duration":1,"failureMessages":[]},{"ancestorTitles":["","api/alarm.js"],"fullName":" api/alarm.js resetAlarm 调用 POST /alarms/:id/reset 并携带 physical_restored 与 remark","status":"passed","title":"resetAlarm 调用 POST /alarms/:id/reset 并携带 physical_restored 与 remark","duration":2,"failureMessages":[]}],"startTime":1789796476872,"endTime":1789796476879,"status":"passed","message":"","name":"E:/pycharm/AI_PROJECT_CODE/Fire_Alarm_Sys/frontend/src/api/__tests__/alarm.spec.js"},{"assertionResults":[{"ancestorTitles":["","api/auth.js"],"fullName":" api/auth.js login 调用 POST /auth/login 并把凭据放在 body","status":"passed","title":"login 调用 POST /auth/login 并把凭据放在 body","duration":3,"failureMessages":[]},{"ancestorTitles":["","api/auth.js"],"fullName":" api/auth.js refresh 调用 POST /auth/refresh 且声明 withCredentials","status":"passed","title":"refresh 调用 POST /auth/refresh 且声明 withCredentials","duration":0,"failureMessages":[]},{"ancestorTitles":["","api/auth.js"],"fullName":" api/auth.js logout 调用 POST /auth/logout 且不带 body","status":"passed","title":"logout 调用 POST /auth/logout 且不带 body","duration":1,"failureMessages":[]}],"startTime":1789796478552,"endTime":1789796478557,"status":"passed","message":"","name":"E:/pycharm/AI_PROJECT_CODE/Fire_Alarm_Sys/frontend/src/api/__tests__/auth.spec.js"},{"assertionResults":[{"ancestorTitles":["","api/device.js"],"fullName":" api/device.js getDeviceTypes 调用 GET /device-types","status":"passed","title":"getDeviceTypes 调用 GET /device-types","duration":3,"failureMessages":[]},{"ancestorTitles":["","api/device.js"],"fullName":" api/device.js getDeviceType 调用 GET /device-types/:id","status":"passed","title":"getDeviceType 调用 GET /device-types/:id","duration":1,"failureMessages":[]},{"ancestorTitles":["","api/device.js"],"fullName":" api/device.js getDevices 调用 GET /devices 并把筛选放在 query","status":"passed","title":"getDevices 调用 GET /devices 并把筛选放在 query","duration":0,"failureMessages":[]},{"ancestorTitles":["","api/device.js"],"fullName":" api/device.js getDevice 调用 GET /devices/:id","status":"passed","title":"getDevice 调用 GET /devices/:id","duration":1,"failureMessages":[]},{"ancestorTitles":["","api/device.js"],"fullName":" api/device.js createDevice 调用 POST /devices 并把表单放在 body","status":"passed","title":"createDevice 调用 POST /devices 并把表单放在 body","duration":0,"failureMessages":[]},{"ancestorTitles":["","api/device.js"],"fullName":" api/device.js updateDevice 调用 PUT /devices/:id 并把表单放在 body","status":"passed","title":"updateDevice 调用 PUT /devices/:id 并把表单放在 body","duration":0,"failureMessages":[]},{"ancestorTitles":["","api/device.js"],"fullName":" api/device.js retireDevice 调用 POST /devices/:id/retire 并携带 reason","status":"passed","title":"retireDevice 调用 POST /devices/:id/retire 并携带 reason","duration":1,"failureMessages":[]},{"ancestorTitles":["","api/device.js"],"fullName":" api/device.js deleteDevice 调用 DELETE /devices/:id 且不带 body","status":"passed","title":"deleteDevice 调用 DELETE /devices/:id 且不带 body","duration":0,"failureMessages":[]},{"ancestorTitles":["","api/device.js"],"fullName":" api/device.js restoreDevice 调用 POST /devices/:id/restore 且不带 body","status":"passed","title":"restoreDevice 调用 POST /devices/:id/restore 且不带 body","duration":1,"failureMessages":[]},{"ancestorTitles":["","api/device.js"],"fullName":" api/device.js getDevices 支持 include_deleted 回收站筛选","status":"passed","title":"getDevices 支持 include_deleted 回收站筛选","duration":0,"failureMessages":[]},{"ancestorTitles":["","api/device.js"],"fullName":" api/device.js getDeviceHistory 调用 GET /devices/:id/history 并把 limit 放在 query","status":"passed","title":"getDeviceHistory 调用 GET /devices/:id/history 并把 limit 放在 query","duration":0,"failureMessages":[]},{"ancestorTitles":["","api/device.js"],"fullName":" api/device.js getDeviceTrajectory 调用 GET /devices/:id/trajectory 并携带分页与时间范围","status":"passed","title":"getDeviceTrajectory 调用 GET /devices/:id/trajectory 并携带分页与时间范围","duration":1,"failureMessages":[]},{"ancestorTitles":["","api/device.js"],"fullName":" api/device.js exportDeviceTrajectory 调用 GET …/trajectory/export 并声明 blob 响应","status":"passed","title":"exportDeviceTrajectory 调用 GET …/trajectory/export 并声明 blob 响应","duration":0,"failureMessages":[]},{"ancestorTitles":["","api/device.js"],"fullName":" api/device.js importDevices 调用 POST /devices/import 并以 multipart 发送 FormData","status":"passed","title":"importDevices 调用 POST /devices/import 并以 multipart 发送 FormData","duration":2,"failureMessages":[]},{"ancestorTitles":["","api/device.js"],"fullName":" api/device.js downloadImportTemplate 调用 GET /devices/import/template 并声明 blob 响应","status":"passed","title":"downloadImportTemplate 调用 GET /devices/import/template 并声明 blob 响应","duration":0,"failureMessages":[]}],"startTime":1789796466657,"endTime":1789796466667,"status":"passed","message":"","name":"E:/pycharm/AI_PROJECT_CODE/Fire_Alarm_Sys/frontend/src/api/__tests__/device.spec.js"},{"assertionResults":[{"ancestorTitles":["","api/drill.js"],"fullName":" api/drill.js getDrills 调用 GET /drills 并携带分页与筛选参数","status":"passed","title":"getDrills 调用 GET /drills 并携带分页与筛选参数","duration":3,"failureMessages":[]},{"ancestorTitles":["","api/drill.js"],"fullName":" api/drill.js createDrill 调用 POST /drills","status":"passed","title":"createDrill 调用 POST /drills","duration":1,"failureMessages":[]},{"ancestorTitles":["","api/drill.js"],"fullName":" api/drill.js getDrillDetail 调用 GET /drills/:id","status":"passed","title":"getDrillDetail 调用 GET /drills/:id","duration":0,"failureMessages":[]},{"ancestorTitles":["","api/drill.js"],"fullName":" api/drill.js updateDrill 调用 PUT /drills/:id","status":"passed","title":"updateDrill 调用 PUT /drills/:id","duration":1,"failureMessages":[]},{"ancestorTitles":["","api/drill.js"],"fullName":" api/drill.js deleteDrill 调用 DELETE /drills/:id","status":"passed","title":"deleteDrill 调用 DELETE /drills/:id","duration":0,"failureMessages":[]},{"ancestorTitles":["","api/drill.js"],"fullName":" api/drill.js executeDrill 调用 POST /drills/:id/execute","status":"passed","title":"executeDrill 调用 POST /drills/:id/execute","duration":0,"failureMessages":[]},{"ancestorTitles":["","api/drill.js"],"fullName":" api/drill.js completeDrill 调用 POST /drills/:id/complete 并携带总结","status":"passed","title":"completeDrill 调用 POST /drills/:id/complete 并携带总结","duration":0,"failureMessages":[]},{"ancestorTitles":["","api/drill.js"],"fullName":" api/drill.js cancelDrill 调用 POST /drills/:id/cancel 并携带原因","status":"passed","title":"cancelDrill 调用 POST /drills/:id/cancel 并携带原因","duration":0,"failureMessages":[]},{"ancestorTitles":["","api/drill.js"],"fullName":" api/drill.js addDrillParticipant 调用 POST /drills/:id/participants 并通过 query 传角色","status":"passed","title":"addDrillParticipant 调用 POST /drills/:id/participants 并通过 query 传角色","duration":0,"failureMessages":[]},{"ancestorTitles":["","api/drill.js"],"fullName":" api/drill.js signInDrillParticipant 调用 POST /drills/:id/sign-in","status":"passed","title":"signInDrillParticipant 调用 POST /drills/:id/sign-in","duration":1,"failureMessages":[]},{"ancestorTitles":["","api/drill.js"],"fullName":" api/drill.js getDrillEvaluation 调用 GET /drills/:id/evaluation","status":"passed","title":"getDrillEvaluation 调用 GET /drills/:id/evaluation","duration":0,"failureMessages":[]},{"ancestorTitles":["","api/drill.js"],"fullName":" api/drill.js submitDrillEvaluation 调用 POST /drills/evaluation","status":"passed","title":"submitDrillEvaluation 调用 POST /drills/evaluation","duration":0,"failureMessages":[]},{"ancestorTitles":["","api/drill.js"],"fullName":" api/drill.js getDrillStatistics 调用 GET /drills/statistics","status":"passed","title":"getDrillStatistics 调用 GET /drills/statistics","duration":1,"failureMessages":[]},{"ancestorTitles":["","api/drill.js"],"fullName":" api/drill.js getDrillReportHtml 调用 GET /drills/:id/report/html","status":"passed","title":"getDrillReportHtml 调用 GET /drills/:id/report/html","duration":0,"failureMessages":[]}],"startTime":1789796465424,"endTime":1789796465432,"status":"passed","message":"","name":"E:/pycharm/AI_PROJECT_CODE/Fire_Alarm_Sys/frontend/src/api/__tests__/drill.spec.js"},{"assertionResults":[{"ancestorTitles":["","api/emergency.js"],"fullName":" api/emergency.js getEmergencyEvents 调用 GET /emergency/events 并携带筛选参数","status":"passed","title":"getEmergencyEvents 调用 GET /emergency/events 并携带筛选参数","duration":4,"failureMessages":[]},{"ancestorTitles":["","api/emergency.js"],"fullName":" api/emergency.js getEventDetail 调用 GET /emergency/events/:id","status":"passed","title":"getEventDetail 调用 GET /emergency/events/:id","duration":1,"failureMessages":[]},{"ancestorTitles":["","api/emergency.js"],"fullName":" api/emergency.js getEventTimelines 调用 GET /emergency/events/:id/timelines","status":"passed","title":"getEventTimelines 调用 GET /emergency/events/:id/timelines","duration":0,"failureMessages":[]},{"ancestorTitles":["","api/emergency.js"],"fullName":" api/emergency.js addTimelineNode 调用 POST /emergency/events/:id/timelines 并把节点放在 body","status":"passed","title":"addTimelineNode 调用 POST /emergency/events/:id/timelines 并把节点放在 body","duration":1,"failureMessages":[]},{"ancestorTitles":["","api/emergency.js"],"fullName":" api/emergency.js deleteTimelineNode 调用 DELETE /emergency/events/timelines/:id","status":"passed","title":"deleteTimelineNode 调用 DELETE /emergency/events/timelines/:id","duration":0,"failureMessages":[]},{"ancestorTitles":["","api/emergency.js"],"fullName":" api/emergency.js exportEventReport 调用 GET /emergency/events/:id/report 并声明 blob 响应","status":"passed","title":"exportEventReport 调用 GET /emergency/events/:id/report 并声明 blob 响应","duration":0,"failureMessages":[]},{"ancestorTitles":["","api/emergency.js"],"fullName":" api/emergency.js getNotifications 调用 GET /notifications 并携带分页参数","status":"passed","title":"getNotifications 调用 GET /notifications 并携带分页参数","duration":1,"failureMessages":[]},{"ancestorTitles":["","api/emergency.js"],"fullName":" api/emergency.js resolveEvent 调用 POST /emergency/events/:id/resolve 且总结放在 body","status":"passed","title":"resolveEvent 调用 POST /emergency/events/:id/resolve 且总结放在 body","duration":0,"failureMessages":[]},{"ancestorTitles":["","api/emergency.js"],"fullName":" api/emergency.js resolveEvent 总结留空时仍发送 body —— 后端 body 是必填，缺了直接 422","status":"passed","title":"resolveEvent 总结留空时仍发送 body —— 后端 body 是必填，缺了直接 422","duration":0,"failureMessages":[]},{"ancestorTitles":["","api/emergency.js"],"fullName":" api/emergency.js closeEvent 调用 POST /emergency/events/:id/close 且不带 body","status":"passed","title":"closeEvent 调用 POST /emergency/events/:id/close 且不带 body","duration":1,"failureMessages":[]},{"ancestorTitles":["","api/emergency.js"],"fullName":" api/emergency.js markNotificationRead 调用 POST /notifications/:id/read 且不带 body","status":"passed","title":"markNotificationRead 调用 POST /notifications/:id/read 且不带 body","duration":0,"failureMessages":[]},{"ancestorTitles":["","api/emergency.js"],"fullName":" api/emergency.js markNotificationsAsRead 调用 POST /notifications/read-all","status":"passed","title":"markNotificationsAsRead 调用 POST /notifications/read-all","duration":0,"failureMessages":[]}],"startTime":1789796471005,"endTime":1789796471013,"status":"passed","message":"","name":"E:/pycharm/AI_PROJECT_CODE/Fire_Alarm_Sys/frontend/src/api/__tests__/emergency.spec.js"},{"assertionResults":[{"ancestorTitles":["","api/inspection.js"],"fullName":" api/inspection.js getInspectionPlans 调用 GET /inspection-plans 并携带分页筛选参数","status":"passed","title":"getInspectionPlans 调用 GET /inspection-plans 并携带分页筛选参数","duration":9,"failureMessages":[]},{"ancestorTitles":["","api/inspection.js"],"fullName":" api/inspection.js createInspectionPlan 调用 POST /inspection-plans 并把表单放在 body","status":"passed","title":"createInspectionPlan 调用 POST /inspection-plans 并把表单放在 body","duration":1,"failureMessages":[]},{"ancestorTitles":["","api/inspection.js"],"fullName":" api/inspection.js getInspectionPlanDetail 调用 GET /inspection-plans/:id","status":"passed","title":"getInspectionPlanDetail 调用 GET /inspection-plans/:id","duration":0,"failureMessages":[]},{"ancestorTitles":["","api/inspection.js"],"fullName":" api/inspection.js updateInspectionPlan 调用 PUT /inspection-plans/:id 并把表单放在 body","status":"passed","title":"updateInspectionPlan 调用 PUT /inspection-plans/:id 并把表单放在 body","duration":1,"failureMessages":[]},{"ancestorTitles":["","api/inspection.js"],"fullName":" api/inspection.js deleteInspectionPlan 调用 DELETE /inspection-plans/:id","status":"passed","title":"deleteInspectionPlan 调用 DELETE /inspection-plans/:id","duration":0,"failureMessages":[]},{"ancestorTitles":["","api/inspection.js"],"fullName":" api/inspection.js toggleInspectionPlanStatus 调用 POST /:id/toggle 并把 is_enabled 放在 body","status":"passed","title":"toggleInspectionPlanStatus 调用 POST /:id/toggle 并把 is_enabled 放在 body","duration":1,"failureMessages":[]},{"ancestorTitles":["","api/inspection.js"],"fullName":" api/inspection.js generateInspectionTasks 调用 POST /:id/generate 并把 days 放在 body 而不是 query","status":"passed","title":"generateInspectionTasks 调用 POST /:id/generate 并把 days 放在 body 而不是 query","duration":1,"failureMessages":[]},{"ancestorTitles":["","api/inspection.js"],"fullName":" api/inspection.js getInspectionTasks 调用 GET /inspection-tasks 并携带分页筛选参数","status":"passed","title":"getInspectionTasks 调用 GET /inspection-tasks 并携带分页筛选参数","duration":0,"failureMessages":[]},{"ancestorTitles":["","api/inspection.js"],"fullName":" api/inspection.js submitInspectionRecord 调用 POST /inspection-tasks/:id/records","status":"passed","title":"submitInspectionRecord 调用 POST /inspection-tasks/:id/records","duration":0,"failureMessages":[]},{"ancestorTitles":["","api/inspection.js"],"fullName":" api/inspection.js getInspectionRecords 调用 GET /inspection-records","status":"passed","title":"getInspectionRecords 调用 GET /inspection-records","duration":1,"failureMessages":[]},{"ancestorTitles":["","api/inspection.js"],"fullName":" api/inspection.js getMissedStatistics 调用 GET /inspection-missed-stats","status":"passed","title":"getMissedStatistics 调用 GET /inspection-missed-stats","duration":0,"failureMessages":[]}],"startTime":1789796468372,"endTime":1789796468386,"status":"passed","message":"","name":"E:/pycharm/AI_PROJECT_CODE/Fire_Alarm_Sys/frontend/src/api/__tests__/inspection.spec.js"},{"assertionResults":[{"ancestorTitles":["","api/linkage.js"],"fullName":" api/linkage.js getLinkagePlans 调用 GET /linkage-plans 并携带筛选参数","status":"passed","title":"getLinkagePlans 调用 GET /linkage-plans 并携带筛选参数","duration":4,"failureMessages":[]},{"ancestorTitles":["","api/linkage.js"],"fullName":" api/linkage.js getLinkagePlanDetail 调用 GET /linkage-plans/:id","status":"passed","title":"getLinkagePlanDetail 调用 GET /linkage-plans/:id","duration":0,"failureMessages":[]},{"ancestorTitles":["","api/linkage.js"],"fullName":" api/linkage.js createLinkagePlan 调用 POST /linkage-plans 并把预案放在 body","status":"passed","title":"createLinkagePlan 调用 POST /linkage-plans 并把预案放在 body","duration":1,"failureMessages":[]},{"ancestorTitles":["","api/linkage.js"],"fullName":" api/linkage.js updateLinkagePlan 调用 PUT /linkage-plans/:id 并把预案放在 body","status":"passed","title":"updateLinkagePlan 调用 PUT /linkage-plans/:id 并把预案放在 body","duration":0,"failureMessages":[]},{"ancestorTitles":["","api/linkage.js"],"fullName":" api/linkage.js deleteLinkagePlan 调用 DELETE /linkage-plans/:id 且不带 body","status":"passed","title":"deleteLinkagePlan 调用 DELETE /linkage-plans/:id 且不带 body","duration":1,"failureMessages":[]},{"ancestorTitles":["","api/linkage.js"],"fullName":" api/linkage.js togglePlanStatus 调用 POST /:id/toggle 并把 is_enabled 放在 body","status":"passed","title":"togglePlanStatus 调用 POST /:id/toggle 并把 is_enabled 放在 body","duration":0,"failureMessages":[]},{"ancestorTitles":["","api/linkage.js"],"fullName":" api/linkage.js simulateTrigger 调用 POST /:id/simulate 并把 remark 放在 query","status":"passed","title":"simulateTrigger 调用 POST /:id/simulate 并把 remark 放在 query","duration":0,"failureMessages":[]},{"ancestorTitles":["","api/linkage.js"],"fullName":" api/linkage.js executeManualLinkage 调用 POST /linkage-plans/execute","status":"passed","title":"executeManualLinkage 调用 POST /linkage-plans/execute","duration":1,"failureMessages":[]},{"ancestorTitles":["","api/linkage.js"],"fullName":" api/linkage.js getLinkageLogs 调用 GET /alarm-linkage-logs 并携带筛选参数","status":"passed","title":"getLinkageLogs 调用 GET /alarm-linkage-logs 并携带筛选参数","duration":0,"failureMessages":[]},{"ancestorTitles":["","api/linkage.js"],"fullName":" api/linkage.js getLogDetail 调用 GET /alarm-linkage-logs/:id","status":"passed","title":"getLogDetail 调用 GET /alarm-linkage-logs/:id","duration":0,"failureMessages":[]},{"ancestorTitles":["","api/linkage.js"],"fullName":" api/linkage.js exportLinkageLogs 调用 GET /alarm-linkage-logs/export 并声明 blob 响应","status":"passed","title":"exportLinkageLogs 调用 GET /alarm-linkage-logs/export 并声明 blob 响应","duration":1,"failureMessages":[]}],"startTime":1789796470294,"endTime":1789796470302,"status":"passed","message":"","name":"E:/pycharm/AI_PROJECT_CODE/Fire_Alarm_Sys/frontend/src/api/__tests__/linkage.spec.js"},{"assertionResults":[{"ancestorTitles":["","api/loginLog.js"],"fullName":" api/loginLog.js getLoginLogs 调用 GET /login-logs 并把 6 个筛选键放在 query","status":"passed","title":"getLoginLogs 调用 GET /login-logs 并把 6 个筛选键放在 query","duration":2,"failureMessages":[]}],"startTime":1789796478621,"endTime":1789796478623,"status":"passed","message":"","name":"E:/pycharm/AI_PROJECT_CODE/Fire_Alarm_Sys/frontend/src/api/__tests__/loginLog.spec.js"},{"assertionResults":[{"ancestorTitles":["","api/monitor.js"],"fullName":" api/monitor.js getDashboard 调用 GET /monitor/dashboard 并把 org_id 放在 query","status":"passed","title":"getDashboard 调用 GET /monitor/dashboard 并把 org_id 放在 query","duration":3,"failureMessages":[]},{"ancestorTitles":["","api/monitor.js"],"fullName":" api/monitor.js getRecentAlarms 调用 GET /monitor/alarms/recent 并携带 limit/org_id/include_drill","status":"passed","title":"getRecentAlarms 调用 GET /monitor/alarms/recent 并携带 limit/org_id/include_drill","duration":1,"failureMessages":[]},{"ancestorTitles":["","api/monitor.js"],"fullName":" api/monitor.js getMapMeta 调用 GET /monitor/map 并把 org_id 包成 query 对象","status":"passed","title":"getMapMeta 调用 GET /monitor/map 并把 org_id 包成 query 对象","duration":0,"failureMessages":[]},{"ancestorTitles":["","api/monitor.js"],"fullName":" api/monitor.js getMapDevices 调用 GET /monitor/map/devices 并携带视口 bbox","status":"passed","title":"getMapDevices 调用 GET /monitor/map/devices 并携带视口 bbox","duration":0,"failureMessages":[]},{"ancestorTitles":["","api/monitor.js"],"fullName":" api/monitor.js createWsTicket 调用 POST /monitor/ws-ticket 且不带 body","status":"passed","title":"createWsTicket 调用 POST /monitor/ws-ticket 且不带 body","duration":1,"failureMessages":[]}],"startTime":1789796477341,"endTime":1789796477346,"status":"passed","message":"","name":"E:/pycharm/AI_PROJECT_CODE/Fire_Alarm_Sys/frontend/src/api/__tests__/monitor.spec.js"},{"assertionResults":[{"ancestorTitles":["","api/organization.js"],"fullName":" api/organization.js getOrganizations 调用 GET /organizations","status":"passed","title":"getOrganizations 调用 GET /organizations","duration":3,"failureMessages":[]},{"ancestorTitles":["","api/organization.js"],"fullName":" api/organization.js getOrganizationTree 调用 GET /organizations/tree","status":"passed","title":"getOrganizationTree 调用 GET /organizations/tree","duration":0,"failureMessages":[]},{"ancestorTitles":["","api/organization.js"],"fullName":" api/organization.js createOrganization 调用 POST /organizations 并把表单放在 body","status":"passed","title":"createOrganization 调用 POST /organizations 并把表单放在 body","duration":1,"failureMessages":[]},{"ancestorTitles":["","api/organization.js"],"fullName":" api/organization.js updateOrganization 调用 PUT /organizations/:id 并把表单放在 body","status":"passed","title":"updateOrganization 调用 PUT /organizations/:id 并把表单放在 body","duration":0,"failureMessages":[]},{"ancestorTitles":["","api/organization.js"],"fullName":" api/organization.js deleteOrganization 调用 DELETE /organizations/:id 且不带 body","status":"passed","title":"deleteOrganization 调用 DELETE /organizations/:id 且不带 body","duration":0,"failureMessages":[]},{"ancestorTitles":["","api/organization.js"],"fullName":" api/organization.js uploadMapImage 调用 POST /organizations/:id/map-image 并以 multipart 发送 file 字段","status":"passed","title":"uploadMapImage 调用 POST /organizations/:id/map-image 并以 multipart 发送 file 字段","duration":2,"failureMessages":[]},{"ancestorTitles":["","api/organization.js"],"fullName":" api/organization.js deleteMapImage 调用 DELETE /organizations/:id/map-image","status":"passed","title":"deleteMapImage 调用 DELETE /organizations/:id/map-image","duration":0,"failureMessages":[]}],"startTime":1789796475388,"endTime":1789796475394,"status":"passed","message":"","name":"E:/pycharm/AI_PROJECT_CODE/Fire_Alarm_Sys/frontend/src/api/__tests__/organization.spec.js"},{"assertionResults":[{"ancestorTitles":["","api/repair.js"],"fullName":" api/repair.js getRepairOrders 调用 GET /repair-orders 并携带查询参数","status":"passed","title":"getRepairOrders 调用 GET /repair-orders 并携带查询参数","duration":3,"failureMessages":[]},{"ancestorTitles":["","api/repair.js"],"fullName":" api/repair.js createRepairOrder 调用 POST /repair-orders","status":"passed","title":"createRepairOrder 调用 POST /repair-orders","duration":0,"failureMessages":[]},{"ancestorTitles":["","api/repair.js"],"fullName":" api/repair.js getRepairOrderDetail 调用 GET /repair-orders/:id","status":"passed","title":"getRepairOrderDetail 调用 GET /repair-orders/:id","duration":1,"failureMessages":[]},{"ancestorTitles":["","api/repair.js"],"fullName":" api/repair.js assignRepairOrder 调用 PUT /repair-orders/:id/assign","status":"passed","title":"assignRepairOrder 调用 PUT /repair-orders/:id/assign","duration":0,"failureMessages":[]},{"ancestorTitles":["","api/repair.js"],"fullName":" api/repair.js completeRepairOrder 调用 PUT /repair-orders/:id/complete","status":"passed","title":"completeRepairOrder 调用 PUT /repair-orders/:id/complete","duration":1,"failureMessages":[]},{"ancestorTitles":["","api/repair.js"],"fullName":" api/repair.js acceptRepairOrder 调用 PUT /repair-orders/:id/accept","status":"passed","title":"acceptRepairOrder 调用 PUT /repair-orders/:id/accept","duration":0,"failureMessages":[]},{"ancestorTitles":["","api/repair.js"],"fullName":" api/repair.js returnRepairOrder 调用 PUT /repair-orders/:id/return","status":"passed","title":"returnRepairOrder 调用 PUT /repair-orders/:id/return","duration":1,"failureMessages":[]},{"ancestorTitles":["","api/repair.js"],"fullName":" api/repair.js getRepairOverview 调用 GET /repair-statistics/overview","status":"passed","title":"getRepairOverview 调用 GET /repair-statistics/overview","duration":0,"failureMessages":[]},{"ancestorTitles":["","api/repair.js"],"fullName":" api/repair.js getRepairerWorkload 调用 GET /repair-statistics/by-repairer","status":"passed","title":"getRepairerWorkload 调用 GET /repair-statistics/by-repairer","duration":0,"failureMessages":[]},{"ancestorTitles":["","api/repair.js"],"fullName":" api/repair.js getFaultDistribution 调用 GET /repair-statistics/fault-types","status":"passed","title":"getFaultDistribution 调用 GET /repair-statistics/fault-types","duration":1,"failureMessages":[]},{"ancestorTitles":["","api/repair.js"],"fullName":" api/repair.js getTop10FaultDevices 调用 GET /repair-statistics/top10-devices","status":"passed","title":"getTop10FaultDevices 调用 GET /repair-statistics/top10-devices","duration":0,"failureMessages":[]}],"startTime":1789796469483,"endTime":1789796469491,"status":"passed","message":"","name":"E:/pycharm/AI_PROJECT_CODE/Fire_Alarm_Sys/frontend/src/api/__tests__/repair.spec.js"},{"assertionResults":[{"ancestorTitles":["","api/reports.js"],"fullName":" api/reports.js createExportTask 调用 POST /reports/export 并把导出参数放在 body","status":"passed","title":"createExportTask 调用 POST /reports/export 并把导出参数放在 body","duration":4,"failureMessages":[]},{"ancestorTitles":["","api/reports.js"],"fullName":" api/reports.js getExportTaskStatus 调用 GET /reports/export/:id/status","status":"passed","title":"getExportTaskStatus 调用 GET /reports/export/:id/status","duration":0,"failureMessages":[]},{"ancestorTitles":["","api/reports.js"],"fullName":" api/reports.js downloadExportFile 调用 GET /reports/export/:id/download 并声明 blob 响应","status":"passed","title":"downloadExportFile 调用 GET /reports/export/:id/download 并声明 blob 响应","duration":1,"failureMessages":[]},{"ancestorTitles":["","api/reports.js"],"fullName":" api/reports.js getMyExportTasks 调用 GET /reports/export-tasks 并携带分页参数","status":"passed","title":"getMyExportTasks 调用 GET /reports/export-tasks 并携带分页参数","duration":0,"failureMessages":[]}],"startTime":1789796478333,"endTime":1789796478338,"status":"passed","message":"","name":"E:/pycharm/AI_PROJECT_CODE/Fire_Alarm_Sys/frontend/src/api/__tests__/reports.spec.js"},{"assertionResults":[{"ancestorTitles":["","api/role.js"],"fullName":" api/role.js getRoles 调用 GET /roles 并把 keyword 放在 query","status":"passed","title":"getRoles 调用 GET /roles 并把 keyword 放在 query","duration":4,"failureMessages":[]},{"ancestorTitles":["","api/role.js"],"fullName":" api/role.js createRole 调用 POST /roles 并把表单放在 body","status":"passed","title":"createRole 调用 POST /roles 并把表单放在 body","duration":1,"failureMessages":[]},{"ancestorTitles":["","api/role.js"],"fullName":" api/role.js updateRole 调用 PUT /roles/:id 并把表单放在 body","status":"passed","title":"updateRole 调用 PUT /roles/:id 并把表单放在 body","duration":1,"failureMessages":[]},{"ancestorTitles":["","api/role.js"],"fullName":" api/role.js deleteRole 调用 DELETE /roles/:id 且不带 body","status":"passed","title":"deleteRole 调用 DELETE /roles/:id 且不带 body","duration":0,"failureMessages":[]},{"ancestorTitles":["","api/role.js"],"fullName":" api/role.js getRolePermissions 调用 GET /roles/:id/permissions","status":"passed","title":"getRolePermissions 调用 GET /roles/:id/permissions","duration":1,"failureMessages":[]},{"ancestorTitles":["","api/role.js"],"fullName":" api/role.js getPermissionTree 调用 GET /permissions/tree","status":"passed","title":"getPermissionTree 调用 GET /permissions/tree","duration":1,"failureMessages":[]}],"startTime":1789796478458,"endTime":1789796478466,"status":"passed","message":"","name":"E:/pycharm/AI_PROJECT_CODE/Fire_Alarm_Sys/frontend/src/api/__tests__/role.spec.js"},{"assertionResults":[{"ancestorTitles":["","api/statistics.js"],"fullName":" api/statistics.js getStatisticsOverview 调用 GET /statistics/overview","status":"passed","title":"getStatisticsOverview 调用 GET /statistics/overview","duration":3,"failureMessages":[]},{"ancestorTitles":["","api/statistics.js"],"fullName":" api/statistics.js getDeviceStatusStats 调用 GET /statistics/device-status 并携带 include_drill","status":"passed","title":"getDeviceStatusStats 调用 GET /statistics/device-status 并携带 include_drill","duration":0,"failureMessages":[]},{"ancestorTitles":["","api/statistics.js"],"fullName":" api/statistics.js getAlarmTrend 调用 GET /statistics/alarm-trend 并携带天数与时间范围","status":"passed","title":"getAlarmTrend 调用 GET /statistics/alarm-trend 并携带天数与时间范围","duration":1,"failureMessages":[]},{"ancestorTitles":["","api/statistics.js"],"fullName":" api/statistics.js getFaultTop10 调用 GET /statistics/fault-top10","status":"passed","title":"getFaultTop10 调用 GET /statistics/fault-top10","duration":0,"failureMessages":[]},{"ancestorTitles":["","api/statistics.js"],"fullName":" api/statistics.js getInspectionCompletion 调用 GET /statistics/inspection-completion","status":"passed","title":"getInspectionCompletion 调用 GET /statistics/inspection-completion","duration":0,"failureMessages":[]}],"startTime":1789796477036,"endTime":1789796477040,"status":"passed","message":"","name":"E:/pycharm/AI_PROJECT_CODE/Fire_Alarm_Sys/frontend/src/api/__tests__/statistics.spec.js"},{"assertionResults":[{"ancestorTitles":["","api/user.js"],"fullName":" api/user.js getMe 调用 GET /users/me","status":"passed","title":"getMe 调用 GET /users/me","duration":6,"failureMessages":[]},{"ancestorTitles":["","api/user.js"],"fullName":" api/user.js getMenus 调用 GET /users/me/menus","status":"passed","title":"getMenus 调用 GET /users/me/menus","duration":0,"failureMessages":[]},{"ancestorTitles":["","api/user.js"],"fullName":" api/user.js getPermissions 调用 GET /users/me/permissions","status":"passed","title":"getPermissions 调用 GET /users/me/permissions","duration":1,"failureMessages":[]},{"ancestorTitles":["","api/user.js"],"fullName":" api/user.js getUsers 调用 GET /users 并携带查询参数","status":"passed","title":"getUsers 调用 GET /users 并携带查询参数","duration":0,"failureMessages":[]},{"ancestorTitles":["","api/user.js"],"fullName":" api/user.js createUser 调用 POST /users","status":"passed","title":"createUser 调用 POST /users","duration":0,"failureMessages":[]},{"ancestorTitles":["","api/user.js"],"fullName":" api/user.js updateUser 调用 PUT /users/:id","status":"passed","title":"updateUser 调用 PUT /users/:id","duration":1,"failureMessages":[]},{"ancestorTitles":["","api/user.js"],"fullName":" api/user.js deleteUser 调用 DELETE /users/:id","status":"passed","title":"deleteUser 调用 DELETE /users/:id","duration":0,"failureMessages":[]},{"ancestorTitles":["","api/user.js"],"fullName":" api/user.js updateUserStatus 调用 PUT /users/:id/status","status":"passed","title":"updateUserStatus 调用 PUT /users/:id/status","duration":0,"failureMessages":[]},{"ancestorTitles":["","api/user.js"],"fullName":" api/user.js assignUserRoles 调用 PUT /users/:id/roles","status":"passed","title":"assignUserRoles 调用 PUT /users/:id/roles","duration":1,"failureMessages":[]},{"ancestorTitles":["","api/user.js"],"fullName":" api/user.js resetUserPassword 调用 PUT /users/:id/reset-password","status":"passed","title":"resetUserPassword 调用 PUT /users/:id/reset-password","duration":0,"failureMessages":[]},{"ancestorTitles":["","api/user.js"],"fullName":" api/user.js getAllRoles 调用 GET /users/roles/all","status":"passed","title":"getAllRoles 调用 GET /users/roles/all","duration":1,"failureMessages":[]}],"startTime":1789796473225,"endTime":1789796473235,"status":"passed","message":"","name":"E:/pycharm/AI_PROJECT_CODE/Fire_Alarm_Sys/frontend/src/api/__tests__/user.spec.js"},{"assertionResults":[{"ancestorTitles":["","router guard"],"fullName":" router guard waits for slow menus and permissions before entering the dashboard","status":"passed","title":"waits for slow menus and permissions before entering the dashboard","duration":135,"failureMessages":[]},{"ancestorTitles":["","router guard"],"fullName":" router guard preserves the requested dynamic URL including query and hash","status":"passed","title":"preserves the requested dynamic URL including query and hash","duration":9,"failureMessages":[]},{"ancestorTitles":["","router guard"],"fullName":" router guard does not log out on initialization failure and allows a retry","status":"passed","title":"does not log out on initialization failure and allows a retry","duration":7,"failureMessages":[]},{"ancestorTitles":["","router guard"],"fullName":" router guard keeps a genuinely unauthorized user on 403 without logging out","status":"passed","title":"keeps a genuinely unauthorized user on 403 without logging out","duration":5,"failureMessages":[]},{"ancestorTitles":["","router guard"],"fullName":" router guard returns to login if the session expires during initialization","status":"passed","title":"returns to login if the session expires during initialization","duration":56,"failureMessages":[]},{"ancestorTitles":["","router guard"],"fullName":" router guard uses one initialization for concurrent navigations and keeps the latest target","status":"passed","title":"uses one initialization for concurrent navigations and keeps the latest target","duration":62,"failureMessages":[]},{"ancestorTitles":["","router guard"],"fullName":" router guard 白名单路由 /login 直接放行","status":"passed","title":"白名单路由 /login 直接放行","duration":2,"failureMessages":[]},{"ancestorTitles":["","router guard"],"fullName":" router guard 无 Token 时访问非白名单路由应跳转到 /login","status":"passed","title":"无 Token 时访问非白名单路由应跳转到 /login","duration":1,"failureMessages":[]},{"ancestorTitles":["","router guard"],"fullName":" router guard 已登录且菜单未加载时应获取菜单并重新导航","status":"passed","title":"已登录且菜单未加载时应获取菜单并重新导航","duration":3,"failureMessages":[]},{"ancestorTitles":["","router guard"],"fullName":" router guard 已登录且有权限访问 /system/role 应放行","status":"passed","title":"已登录且有权限访问 /system/role 应放行","duration":2,"failureMessages":[]},{"ancestorTitles":["","router guard"],"fullName":" router guard 已登录但无权限访问应跳转到 /403","status":"passed","title":"已登录但无权限访问应跳转到 /403","duration":1,"failureMessages":[]},{"ancestorTitles":["","router guard"],"fullName":" router guard 含参数路由应使用路由定义 path 而非实际 URL","status":"passed","title":"含参数路由应使用路由定义 path 而非实际 URL","duration":2,"failureMessages":[]},{"ancestorTitles":["","router guard"],"fullName":" router guard 访问根路径 / 应放行","status":"passed","title":"访问根路径 / 应放行","duration":4,"failureMessages":[]},{"ancestorTitles":["","初始化时加载当前用户信息"],"fullName":" 初始化时加载当前用户信息 路由初始化时应拉取当前用户信息（刷新后不再回退到「用户」）","status":"passed","title":"路由初始化时应拉取当前用户信息（刷新后不再回退到「用户」）","duration":2,"failureMessages":[]},{"ancestorTitles":["","初始化时加载当前用户信息"],"fullName":" 初始化时加载当前用户信息 应在用户信息返回后才放行导航，避免头部先渲染兜底文案","status":"passed","title":"应在用户信息返回后才放行导航，避免头部先渲染兜底文案","duration":62,"failureMessages":[]},{"ancestorTitles":["","初始化时加载当前用户信息"],"fullName":" 初始化时加载当前用户信息 用户信息拉取失败时不得标记初始化完成，以便重试","status":"passed","title":"用户信息拉取失败时不得标记初始化完成，以便重试","duration":2,"failureMessages":[]}],"startTime":1789796445752,"endTime":1789796446108,"status":"passed","message":"","name":"E:/pycharm/AI_PROJECT_CODE/Fire_Alarm_Sys/frontend/src/router/__tests__/index.spec.js"},{"assertionResults":[{"ancestorTitles":["","通知铃铛（3.5-F5 / FR-025）"],"fullName":" 通知铃铛（3.5-F5 / FR-025） T5-1: 无未读时徽章隐藏且不渲染红点","status":"passed","title":"T5-1: 无未读时徽章隐藏且不渲染红点","duration":97,"failureMessages":[]},{"ancestorTitles":["","通知铃铛（3.5-F5 / FR-025）"],"fullName":" 通知铃铛（3.5-F5 / FR-025） T5-2: 有未读时显示红点并在下拉中列出通知","status":"passed","title":"T5-2: 有未读时显示红点并在下拉中列出通知","duration":106,"failureMessages":[]},{"ancestorTitles":["","通知铃铛（3.5-F5 / FR-025）"],"fullName":" 通知铃铛（3.5-F5 / FR-025） T5-3: 超时升级通知渲染对应的提示文案","status":"passed","title":"T5-3: 超时升级通知渲染对应的提示文案","duration":30,"failureMessages":[]},{"ancestorTitles":["","通知铃铛（3.5-F5 / FR-025）"],"fullName":" 通知铃铛（3.5-F5 / FR-025） T5-4: 点击未读通知会标记已读并刷新列表","status":"passed","title":"T5-4: 点击未读通知会标记已读并刷新列表","duration":22,"failureMessages":[]},{"ancestorTitles":["","通知铃铛（3.5-F5 / FR-025）"],"fullName":" 通知铃铛（3.5-F5 / FR-025） T5-5: 全部已读按钮调用批量接口","status":"passed","title":"T5-5: 全部已读按钮调用批量接口","duration":46,"failureMessages":[]}],"startTime":1789796476084,"endTime":1789796476385,"status":"passed","message":"","name":"E:/pycharm/AI_PROJECT_CODE/Fire_Alarm_Sys/frontend/src/components/__tests__/NotificationBell.spec.js"},{"assertionResults":[{"ancestorTitles":["","SidebarItem.vue"],"fullName":" SidebarItem.vue 应正确渲染叶子菜单项的标题（真实后端数据结构）","status":"passed","title":"应正确渲染叶子菜单项的标题（真实后端数据结构）","duration":38,"failureMessages":[]},{"ancestorTitles":["","SidebarItem.vue"],"fullName":" SidebarItem.vue 应递归渲染带子菜单的父菜单","status":"passed","title":"应递归渲染带子菜单的父菜单","duration":15,"failureMessages":[]},{"ancestorTitles":["","SidebarItem.vue"],"fullName":" SidebarItem.vue 无子菜单时应渲染为 el-menu-item","status":"passed","title":"无子菜单时应渲染为 el-menu-item","duration":16,"failureMessages":[]},{"ancestorTitles":["","SidebarItem.vue"],"fullName":" SidebarItem.vue 有子菜单时应渲染为 el-sub-menu","status":"passed","title":"有子菜单时应渲染为 el-sub-menu","duration":10,"failureMessages":[]},{"ancestorTitles":["","SidebarItem.vue"],"fullName":" SidebarItem.vue 无 icon 时不应渲染 el-icon","status":"passed","title":"无 icon 时不应渲染 el-icon","duration":3,"failureMessages":[]},{"ancestorTitles":["","SidebarItem.vue"],"fullName":" SidebarItem.vue 有 icon 时应渲染 el-icon","status":"passed","title":"有 icon 时应渲染 el-icon","duration":3,"failureMessages":[]},{"ancestorTitles":["","SidebarItem.vue"],"fullName":" SidebarItem.vue 应使用 path 作为 index","status":"passed","title":"应使用 path 作为 index","duration":4,"failureMessages":[]}],"startTime":1789796474943,"endTime":1789796475032,"status":"passed","message":"","name":"E:/pycharm/AI_PROJECT_CODE/Fire_Alarm_Sys/frontend/src/components/__tests__/SidebarItem.spec.js"},{"assertionResults":[{"ancestorTitles":["","时间轴编辑器（3.5-F3 / FR-028）"],"fullName":" 时间轴编辑器（3.5-F3 / FR-028） T8-1: 只读模式按时间轴渲染节点与节点名称","status":"passed","title":"T8-1: 只读模式按时间轴渲染节点与节点名称","duration":405,"failureMessages":[]},{"ancestorTitles":["","时间轴编辑器（3.5-F3 / FR-028）"],"fullName":" 时间轴编辑器（3.5-F3 / FR-028） T8-2: 编辑模式提供添加节点入口","status":"passed","title":"T8-2: 编辑模式提供添加节点入口","duration":193,"failureMessages":[]},{"ancestorTitles":["","时间轴编辑器（3.5-F3 / FR-028）"],"fullName":" 时间轴编辑器（3.5-F3 / FR-028） T8-3: 无节点时展示空状态","status":"passed","title":"T8-3: 无节点时展示空状态","duration":107,"failureMessages":[]},{"ancestorTitles":["","时间轴编辑器（3.5-F3 / FR-028）"],"fullName":" 时间轴编辑器（3.5-F3 / FR-028） T8-4: 提交新增节点会携带节点类型与备注","status":"passed","title":"T8-4: 提交新增节点会携带节点类型与备注","duration":225,"failureMessages":[]},{"ancestorTitles":["","时间轴编辑器（3.5-F3 / FR-028）"],"fullName":" 时间轴编辑器（3.5-F3 / FR-028） T8-5: 节点类型未选择时提交被拦截","status":"passed","title":"T8-5: 节点类型未选择时提交被拦截","duration":143,"failureMessages":[]},{"ancestorTitles":["","时间轴编辑器（3.5-F3 / FR-028）"],"fullName":" 时间轴编辑器（3.5-F3 / FR-028） T8-6: 删除节点调用删除接口并刷新列表","status":"passed","title":"T8-6: 删除节点调用删除接口并刷新列表","duration":114,"failureMessages":[]}],"startTime":1789796471472,"endTime":1789796472659,"status":"passed","message":"","name":"E:/pycharm/AI_PROJECT_CODE/Fire_Alarm_Sys/frontend/src/components/__tests__/TimelineEditor.spec.js"},{"assertionResults":[{"ancestorTitles":["","auth store"],"fullName":" auth store 初始状态应为未登录","status":"passed","title":"初始状态应为未登录","duration":3,"failureMessages":[]},{"ancestorTitles":["","auth store"],"fullName":" auth store login 成功应设置 token 和用户信息","status":"passed","title":"login 成功应设置 token 和用户信息","duration":2,"failureMessages":[]},{"ancestorTitles":["","auth store"],"fullName":" auth store login 响应无 access_token 应抛异常","status":"passed","title":"login 响应无 access_token 应抛异常","duration":7,"failureMessages":[]},{"ancestorTitles":["","auth store"],"fullName":" auth store fetchUserInfo 应更新用户信息","status":"passed","title":"fetchUserInfo 应更新用户信息","duration":1,"failureMessages":[]},{"ancestorTitles":["","auth store"],"fullName":" auth store logout 应清除所有本地状态","status":"passed","title":"logout 应清除所有本地状态","duration":1,"failureMessages":[]},{"ancestorTitles":["","auth store"],"fullName":" auth store logout 即使接口失败也清除本地状态","status":"passed","title":"logout 即使接口失败也清除本地状态","duration":0,"failureMessages":[]}],"startTime":1789796475580,"endTime":1789796475595,"status":"passed","message":"","name":"E:/pycharm/AI_PROJECT_CODE/Fire_Alarm_Sys/frontend/src/stores/__tests__/auth.spec.js"},{"assertionResults":[{"ancestorTitles":["","monitor store"],"fullName":" monitor store 分发帧：新报警入列并鸣响、设备状态打补丁、消音不改状态","status":"passed","title":"分发帧：新报警入列并鸣响、设备状态打补丁、消音不改状态","duration":12,"failureMessages":[]},{"ancestorTitles":["","monitor store"],"fullName":" monitor store 未确认火警始终置顶，其余按报警时间倒序","status":"passed","title":"未确认火警始终置顶，其余按报警时间倒序","duration":2,"failureMessages":[]},{"ancestorTitles":["","monitor store"],"fullName":" monitor store 演练告警不进大屏徽标与地图着色（FR-045 隔离）","status":"passed","title":"演练告警不进大屏徽标与地图着色（FR-045 隔离）","duration":2,"failureMessages":[]},{"ancestorTitles":["","monitor store"],"fullName":" monitor store resync_required 时清空增量并全量刷新","status":"passed","title":"resync_required 时清空增量并全量刷新","duration":1,"failureMessages":[]},{"ancestorTitles":["","monitor store"],"fullName":" monitor store 静音态与连接质量状态由 store 统一持有","status":"passed","title":"静音态与连接质量状态由 store 统一持有","duration":1,"failureMessages":[]}],"startTime":1789796445696,"endTime":1789796445714,"status":"passed","message":"","name":"E:/pycharm/AI_PROJECT_CODE/Fire_Alarm_Sys/frontend/src/stores/__tests__/monitor.spec.js"},{"assertionResults":[{"ancestorTitles":["","permission store"],"fullName":" permission store 初始状态应正确","status":"passed","title":"初始状态应正确","duration":5,"failureMessages":[]},{"ancestorTitles":["","permission store"],"fullName":" permission store generateRoutes 应获取菜单并生成动态路由","status":"passed","title":"generateRoutes 应获取菜单并生成动态路由","duration":4,"failureMessages":[]},{"ancestorTitles":["","permission store"],"fullName":" permission store generateRoutes 应将动态路由添加为 Home 的子路由","status":"passed","title":"generateRoutes 应将动态路由添加为 Home 的子路由","duration":2,"failureMessages":[]},{"ancestorTitles":["","permission store"],"fullName":" permission store generateRoutes 无菜单时只添加 404 兜底","status":"passed","title":"generateRoutes 无菜单时只添加 404 兜底","duration":1,"failureMessages":[]},{"ancestorTitles":["","permission store"],"fullName":" permission store resetPermission 应清空所有状态","status":"passed","title":"resetPermission 应清空所有状态","duration":1,"failureMessages":[]}],"startTime":1789796474715,"endTime":1789796474728,"status":"passed","message":"","name":"E:/pycharm/AI_PROJECT_CODE/Fire_Alarm_Sys/frontend/src/stores/__tests__/permission.spec.js"},{"assertionResults":[{"ancestorTitles":["","alarmNotifier 分级提示音"],"fullName":" alarmNotifier 分级提示音 按报警类型选择音频，火警循环播放、故障响一次","status":"passed","title":"按报警类型选择音频，火警循环播放、故障响一次","duration":3,"failureMessages":[]},{"ancestorTitles":["","alarmNotifier 分级提示音"],"fullName":" alarmNotifier 分级提示音 通知与音频任一不可用时静默降级，不抛错","status":"passed","title":"通知与音频任一不可用时静默降级，不抛错","duration":1,"failureMessages":[]},{"ancestorTitles":["","alarmNotifier 分级提示音"],"fullName":" alarmNotifier 分级提示音 全局静音后不再播放，单条消音只停该条","status":"passed","title":"全局静音后不再播放，单条消音只停该条","duration":2,"failureMessages":[]},{"ancestorTitles":["","alarmNotifier 通知文案"],"fullName":" alarmNotifier 通知文案 缺少位置信息时只展示设备","status":"passed","title":"缺少位置信息时只展示设备","duration":0,"failureMessages":[]}],"startTime":1789796463522,"endTime":1789796463529,"status":"passed","message":"","name":"E:/pycharm/AI_PROJECT_CODE/Fire_Alarm_Sys/frontend/src/services/__tests__/alarmNotifier.spec.js"},{"assertionResults":[{"ancestorTitles":["","auth utils"],"fullName":" auth utils getToken 应从 localStorage 读取","status":"passed","title":"getToken 应从 localStorage 读取","duration":2,"failureMessages":[]},{"ancestorTitles":["","auth utils"],"fullName":" auth utils getToken 无值时应返回 null","status":"passed","title":"getToken 无值时应返回 null","duration":0,"failureMessages":[]},{"ancestorTitles":["","auth utils"],"fullName":" auth utils setToken 应写入 localStorage","status":"passed","title":"setToken 应写入 localStorage","duration":1,"failureMessages":[]},{"ancestorTitles":["","auth utils"],"fullName":" auth utils removeToken 应删除 localStorage 中的 token","status":"passed","title":"removeToken 应删除 localStorage 中的 token","duration":0,"failureMessages":[]},{"ancestorTitles":["","auth utils"],"fullName":" auth utils getTokenExpiry 应正确解析 exp","status":"passed","title":"getTokenExpiry 应正确解析 exp","duration":0,"failureMessages":[]},{"ancestorTitles":["","auth utils"],"fullName":" auth utils getTokenExpiry 对非法 token 应返回 null","status":"passed","title":"getTokenExpiry 对非法 token 应返回 null","duration":0,"failureMessages":[]},{"ancestorTitles":["","auth utils"],"fullName":" auth utils isTokenExpiringSoon 在即将过期时应返回 true","status":"passed","title":"isTokenExpiringSoon 在即将过期时应返回 true","duration":0,"failureMessages":[]},{"ancestorTitles":["","auth utils"],"fullName":" auth utils isTokenExpiringSoon 在足够远时不应返回 true","status":"passed","title":"isTokenExpiringSoon 在足够远时不应返回 true","duration":1,"failureMessages":[]},{"ancestorTitles":["","auth utils"],"fullName":" auth utils isTokenExpiringSoon 对非法 token 应视为即将过期","status":"passed","title":"isTokenExpiringSoon 对非法 token 应视为即将过期","duration":0,"failureMessages":[]},{"ancestorTitles":["","auth utils"],"fullName":" auth utils clearAuth 应清除 token","status":"passed","title":"clearAuth 应清除 token","duration":0,"failureMessages":[]}],"startTime":1789796476669,"endTime":1789796476674,"status":"passed","message":"","name":"E:/pycharm/AI_PROJECT_CODE/Fire_Alarm_Sys/frontend/src/utils/__tests__/auth.spec.js"},{"assertionResults":[{"ancestorTitles":["","utils/device.js"],"fullName":" utils/device.js 状态标签覆盖后端全部枚举值","status":"passed","title":"状态标签覆盖后端全部枚举值","duration":2,"failureMessages":[]},{"ancestorTitles":["","utils/device.js"],"fullName":" utils/device.js 仅已退役为终态","status":"passed","title":"仅已退役为终态","duration":0,"failureMessages":[]},{"ancestorTitles":["","utils/device.js"],"fullName":" utils/device.js 去掉叶子节点的空 children","status":"passed","title":"去掉叶子节点的空 children","duration":1,"failureMessages":[]},{"ancestorTitles":["","utils/device.js"],"fullName":" utils/device.js number 类型扩展属性用 null 占位，其余用空串","status":"passed","title":"number 类型扩展属性用 null 占位，其余用空串","duration":0,"failureMessages":[]},{"ancestorTitles":["","utils/device.js"],"fullName":" utils/device.js 合并已有属性时补齐 schema 键并保留原值","status":"passed","title":"合并已有属性时补齐 schema 键并保留原值","duration":0,"failureMessages":[]},{"ancestorTitles":["","utils/device.js"],"fullName":" utils/device.js 解析扩展属性字段时降级不支持的类型","status":"passed","title":"解析扩展属性字段时降级不支持的类型","duration":2,"failureMessages":[]}],"startTime":1789796474996,"endTime":1789796475001,"status":"passed","message":"","name":"E:/pycharm/AI_PROJECT_CODE/Fire_Alarm_Sys/frontend/src/utils/__tests__/device.spec.js"},{"assertionResults":[{"ancestorTitles":["","geo 坐标换算"],"fullName":" geo 坐标换算 像素 ↔ 归一化 ↔ Leaflet 经纬度可往返，Y 轴按 top_left 翻转","status":"passed","title":"像素 ↔ 归一化 ↔ Leaflet 经纬度可往返，Y 轴按 top_left 翻转","duration":3,"failureMessages":[]},{"ancestorTitles":["","geo 坐标换算"],"fullName":" geo 坐标换算 压缩基准变更后的点位换算与视口 bbox 序列化","status":"passed","title":"压缩基准变更后的点位换算与视口 bbox 序列化","duration":1,"failureMessages":[]}],"startTime":1789796476699,"endTime":1789796476703,"status":"passed","message":"","name":"E:/pycharm/AI_PROJECT_CODE/Fire_Alarm_Sys/frontend/src/utils/__tests__/geo.spec.js"},{"assertionResults":[{"ancestorTitles":["","normalizeMenuForDisplay"],"fullName":" normalizeMenuForDisplay keeps nested backend menus acyclic with isolated children","status":"passed","title":"keeps nested backend menus acyclic with isolated children","duration":5,"failureMessages":[]},{"ancestorTitles":["","normalizeMenuForDisplay"],"fullName":" normalizeMenuForDisplay normalizes paths at every level without changing the input","status":"passed","title":"normalizes paths at every level without changing the input","duration":0,"failureMessages":[]},{"ancestorTitles":["","generateRoutesFromMenus"],"fullName":" generateRoutesFromMenus keeps non-Layout children acyclic and preserves backend metadata","status":"passed","title":"keeps non-Layout children acyclic and preserves backend metadata","duration":1,"failureMessages":[]},{"ancestorTitles":["","generateRoutesFromMenus"],"fullName":" generateRoutesFromMenus keeps componentless nested groups acyclic","status":"passed","title":"keeps componentless nested groups acyclic","duration":1,"failureMessages":[]},{"ancestorTitles":["","generateRoutesFromMenus"],"fullName":" generateRoutesFromMenus 应将叶子菜单生成为路由","status":"passed","title":"应将叶子菜单生成为路由","duration":0,"failureMessages":[]},{"ancestorTitles":["","generateRoutesFromMenus"],"fullName":" generateRoutesFromMenus 应跳过 component 为 Layout 的父菜单，只展开子路由","status":"passed","title":"应跳过 component 为 Layout 的父菜单，只展开子路由","duration":0,"failureMessages":[]},{"ancestorTitles":["","generateRoutesFromMenus"],"fullName":" generateRoutesFromMenus 应支持多级嵌套菜单","status":"passed","title":"应支持多级嵌套菜单","duration":1,"failureMessages":[]},{"ancestorTitles":["","generateRoutesFromMenus"],"fullName":" generateRoutesFromMenus 没有 component 的菜单应生成无 component 的路由","status":"passed","title":"没有 component 的菜单应生成无 component 的路由","duration":0,"failureMessages":[]},{"ancestorTitles":["","generateRoutesFromMenus"],"fullName":" generateRoutesFromMenus 空菜单数组应返回空路由数组","status":"passed","title":"空菜单数组应返回空路由数组","duration":0,"failureMessages":[]},{"ancestorTitles":["","collectPaths"],"fullName":" collectPaths 应收集所有菜单路径（含嵌套）","status":"passed","title":"应收集所有菜单路径（含嵌套）","duration":0,"failureMessages":[]},{"ancestorTitles":["","collectPaths"],"fullName":" collectPaths 应兼容 path 字段（当 route_path 不存在时）","status":"passed","title":"应兼容 path 字段（当 route_path 不存在时）","duration":1,"failureMessages":[]},{"ancestorTitles":["","collectPaths"],"fullName":" collectPaths 空数组应返回空数组","status":"passed","title":"空数组应返回空数组","duration":0,"failureMessages":[]}],"startTime":1789796445296,"endTime":1789796445306,"status":"passed","message":"","name":"E:/pycharm/AI_PROJECT_CODE/Fire_Alarm_Sys/frontend/src/utils/__tests__/menu.spec.js"},{"assertionResults":[{"ancestorTitles":["","request.js"],"fullName":" request.js 应导出 axios 实例","status":"passed","title":"应导出 axios 实例","duration":1,"failureMessages":[]},{"ancestorTitles":["","request.js"],"fullName":" request.js 实例应具有正确的超时设置","status":"passed","title":"实例应具有正确的超时设置","duration":0,"failureMessages":[]},{"ancestorTitles":["","request.js"],"fullName":" request.js 实例应具有 Content-Type header","status":"passed","title":"实例应具有 Content-Type header","duration":0,"failureMessages":[]},{"ancestorTitles":["","request.js"],"fullName":" request.js 应注册了请求拦截器","status":"passed","title":"应注册了请求拦截器","duration":0,"failureMessages":[]},{"ancestorTitles":["","request.js"],"fullName":" request.js 应注册了响应拦截器","status":"passed","title":"应注册了响应拦截器","duration":1,"failureMessages":[]}],"startTime":1789796480774,"endTime":1789796480776,"status":"passed","message":"","name":"E:/pycharm/AI_PROJECT_CODE/Fire_Alarm_Sys/frontend/src/utils/__tests__/request.spec.js"},{"assertionResults":[{"ancestorTitles":["","websocket 客户端"],"fullName":" websocket 客户端 重连按 1/2/4/8/16/30s 指数退避并在上限封顶","status":"passed","title":"重连按 1/2/4/8/16/30s 指数退避并在上限封顶","duration":4,"failureMessages":[]},{"ancestorTitles":["","websocket 客户端"],"fullName":" websocket 客户端 记录帧 id 到 sessionStorage 并在重连时携带 last_msg_id","status":"passed","title":"记录帧 id 到 sessionStorage 并在重连时携带 last_msg_id","duration":5,"failureMessages":[]},{"ancestorTitles":["","websocket 客户端"],"fullName":" websocket 客户端 每次（重）连都重新换取一次性 Ticket","status":"passed","title":"每次（重）连都重新换取一次性 Ticket","duration":1,"failureMessages":[]},{"ancestorTitles":["","websocket 客户端"],"fullName":" websocket 客户端 非连接态 send 与 Ticket 失败都不抛错","status":"passed","title":"非连接态 send 与 Ticket 失败都不抛错","duration":2,"failureMessages":[]}],"startTime":1789796472960,"endTime":1789796472972,"status":"passed","message":"","name":"E:/pycharm/AI_PROJECT_CODE/Fire_Alarm_Sys/frontend/src/utils/__tests__/websocket.spec.js"},{"assertionResults":[{"ancestorTitles":["","DeviceStatus 计算逻辑"],"fullName":" DeviceStatus 计算逻辑 正确计算设备完好率","status":"passed","title":"正确计算设备完好率","duration":7,"failureMessages":[]},{"ancestorTitles":["","DeviceStatus 计算逻辑"],"fullName":" DeviceStatus 计算逻辑 处理空数据情况","status":"passed","title":"处理空数据情况","duration":0,"failureMessages":[]},{"ancestorTitles":["","DeviceStatus 计算逻辑"],"fullName":" DeviceStatus 计算逻辑 正确处理没有 normal 状态的数据","status":"passed","title":"正确处理没有 normal 状态的数据","duration":0,"failureMessages":[]},{"ancestorTitles":["","DeviceStatus 计算逻辑"],"fullName":" DeviceStatus 计算逻辑 统计总数正确","status":"passed","title":"统计总数正确","duration":1,"failureMessages":[]}],"startTime":1789796478351,"endTime":1789796478359,"status":"passed","message":"","name":"E:/pycharm/AI_PROJECT_CODE/Fire_Alarm_Sys/frontend/src/views/statistics/DeviceStatus.spec.js"},{"assertionResults":[{"ancestorTitles":["","ExportCenter 核心逻辑"],"fullName":" ExportCenter 核心逻辑 正确获取任务类型名称","status":"passed","title":"正确获取任务类型名称","duration":2,"failureMessages":[]},{"ancestorTitles":["","ExportCenter 核心逻辑"],"fullName":" ExportCenter 核心逻辑 正确判断任务是否可以下载","status":"passed","title":"正确判断任务是否可以下载","duration":1,"failureMessages":[]},{"ancestorTitles":["","ExportCenter 核心逻辑"],"fullName":" ExportCenter 核心逻辑 统计已完成任务数量","status":"passed","title":"统计已完成任务数量","duration":0,"failureMessages":[]},{"ancestorTitles":["","ExportCenter 核心逻辑"],"fullName":" ExportCenter 核心逻辑 统计总任务数和平均行数","status":"passed","title":"统计总任务数和平均行数","duration":0,"failureMessages":[]},{"ancestorTitles":["","ExportCenter 核心逻辑"],"fullName":" ExportCenter 核心逻辑 任务编号格式验证","status":"passed","title":"任务编号格式验证","duration":1,"failureMessages":[]}],"startTime":1789796476687,"endTime":1789796476691,"status":"passed","message":"","name":"E:/pycharm/AI_PROJECT_CODE/Fire_Alarm_Sys/frontend/src/views/statistics/ExportCenter.spec.js"},{"assertionResults":[{"ancestorTitles":["","报警中心（F-16 / FR-016）"],"fullName":" 报警中心（F-16 / FR-016） 复位必须先勾选\"已确认现场物理状态恢复\"才可提交","status":"passed","title":"复位必须先勾选\"已确认现场物理状态恢复\"才可提交","duration":1714,"failureMessages":[]},{"ancestorTitles":["","报警中心（F-16 / FR-016）"],"fullName":" 报警中心（F-16 / FR-016） 已解决的报警不再提供消音与复位入口","status":"passed","title":"已解决的报警不再提供消音与复位入口","duration":819,"failureMessages":[]}],"startTime":1789796475994,"endTime":1789796478527,"status":"passed","message":"","name":"E:/pycharm/AI_PROJECT_CODE/Fire_Alarm_Sys/frontend/src/views/alarm/__tests__/Center.spec.js"},{"assertionResults":[{"ancestorTitles":["","报警确认弹窗与演练告警（3.5-B2 / 3.8 演练隔离）"],"fullName":" 报警确认弹窗与演练告警（3.5-B2 / 3.8 演练隔离） 演练告警：禁用「现场属实」，并说明不会创建应急事件","status":"passed","title":"演练告警：禁用「现场属实」，并说明不会创建应急事件","duration":1371,"failureMessages":[]},{"ancestorTitles":["","报警确认弹窗与演练告警（3.5-B2 / 3.8 演练隔离）"],"fullName":" 报警确认弹窗与演练告警（3.5-B2 / 3.8 演练隔离） 演练告警：弹窗默认不选「现场属实」，避免默认提交一个必被后端拒绝的结论","status":"passed","title":"演练告警：弹窗默认不选「现场属实」，避免默认提交一个必被后端拒绝的结论","duration":641,"failureMessages":[]},{"ancestorTitles":["","报警确认弹窗与演练告警（3.5-B2 / 3.8 演练隔离）"],"fullName":" 报警确认弹窗与演练告警（3.5-B2 / 3.8 演练隔离） 演练告警：误报路径仍可提交（否则演练告警永远卡在待确认）","status":"passed","title":"演练告警：误报路径仍可提交（否则演练告警永远卡在待确认）","duration":822,"failureMessages":[]},{"ancestorTitles":["","报警确认弹窗与演练告警（3.5-B2 / 3.8 演练隔离）"],"fullName":" 报警确认弹窗与演练告警（3.5-B2 / 3.8 演练隔离） 非演练告警：仍可选「现场属实」且保留自动创建事件的承诺文案","status":"passed","title":"非演练告警：仍可选「现场属实」且保留自动创建事件的承诺文案","duration":774,"failureMessages":[]}],"startTime":1789796471344,"endTime":1789796474952,"status":"passed","message":"","name":"E:/pycharm/AI_PROJECT_CODE/Fire_Alarm_Sys/frontend/src/views/alarm/__tests__/CenterConfirm.spec.js"},{"assertionResults":[{"ancestorTitles":["","Archive.vue 设备档案列表"],"fullName":" Archive.vue 设备档案列表 挂载后加载列表并渲染设备行","status":"passed","title":"挂载后加载列表并渲染设备行","duration":719,"failureMessages":[]},{"ancestorTitles":["","Archive.vue 设备档案列表"],"fullName":" Archive.vue 设备档案列表 关键字搜索重置页码并带上筛选参数","status":"passed","title":"关键字搜索重置页码并带上筛选参数","duration":619,"failureMessages":[]},{"ancestorTitles":["","Archive.vue 设备档案列表"],"fullName":" Archive.vue 设备档案列表 「显示已退役」开关切换 include_retired","status":"passed","title":"「显示已退役」开关切换 include_retired","duration":422,"failureMessages":[]},{"ancestorTitles":["","Archive.vue 设备档案列表"],"fullName":" Archive.vue 设备档案列表 分页切换与每页条数变更都会重新请求","status":"passed","title":"分页切换与每页条数变更都会重新请求","duration":380,"failureMessages":[]},{"ancestorTitles":["","Archive.vue 设备档案列表"],"fullName":" Archive.vue 设备档案列表 已退役行加灰置样式且不显示编辑/退役按钮","status":"passed","title":"已退役行加灰置样式且不显示编辑/退役按钮","duration":406,"failureMessages":[]},{"ancestorTitles":["","Archive.vue 设备档案列表"],"fullName":" Archive.vue 设备档案列表 退役需填写原因，成功后调用接口并刷新列表","status":"passed","title":"退役需填写原因，成功后调用接口并刷新列表","duration":336,"failureMessages":[]},{"ancestorTitles":["","Archive.vue 设备档案列表"],"fullName":" Archive.vue 设备档案列表 取消退役确认时不调用退役接口","status":"passed","title":"取消退役确认时不调用退役接口","duration":277,"failureMessages":[]},{"ancestorTitles":["","Archive.vue 设备档案列表"],"fullName":" Archive.vue 设备档案列表 无 device:retire 权限时退役按钮隐藏","status":"passed","title":"无 device:retire 权限时退役按钮隐藏","duration":287,"failureMessages":[]},{"ancestorTitles":["","Archive.vue 设备档案列表"],"fullName":" Archive.vue 设备档案列表 无 device:delete 权限时删除按钮隐藏","status":"passed","title":"无 device:delete 权限时删除按钮隐藏","duration":321,"failureMessages":[]}],"startTime":1789796463724,"endTime":1789796467492,"status":"passed","message":"","name":"E:/pycharm/AI_PROJECT_CODE/Fire_Alarm_Sys/frontend/src/views/device/__tests__/Archive.spec.js"},{"assertionResults":[{"ancestorTitles":["","ArchiveDetail.vue 设备档案详情"],"fullName":" ArchiveDetail.vue 设备档案详情 打开时并行加载档案与历史并渲染字段","status":"passed","title":"打开时并行加载档案与历史并渲染字段","duration":198,"failureMessages":[]},{"ancestorTitles":["","ArchiveDetail.vue 设备档案详情"],"fullName":" ArchiveDetail.vue 设备档案详情 扩展属性按类型 schema 显示中文标签","status":"passed","title":"扩展属性按类型 schema 显示中文标签","duration":69,"failureMessages":[]},{"ancestorTitles":["","ArchiveDetail.vue 设备档案详情"],"fullName":" ArchiveDetail.vue 设备档案详情 历史记录按时间倒序展示变更内容与操作人","status":"passed","title":"历史记录按时间倒序展示变更内容与操作人","duration":61,"failureMessages":[]},{"ancestorTitles":["","ArchiveDetail.vue 设备档案详情"],"fullName":" ArchiveDetail.vue 设备档案详情 巡检 / 维修页签展示真数据并按类别过滤（不再是「尚未上线」占位）","status":"passed","title":"巡检 / 维修页签展示真数据并按类别过滤（不再是「尚未上线」占位）","duration":105,"failureMessages":[]},{"ancestorTitles":["","ArchiveDetail.vue 设备档案详情"],"fullName":" ArchiveDetail.vue 设备档案详情 时间轴按类别分色 —— 火警不得渲染成表示「成功」的绿色","status":"passed","title":"时间轴按类别分色 —— 火警不得渲染成表示「成功」的绿色","duration":36,"failureMessages":[]},{"ancestorTitles":["","ArchiveDetail.vue 设备档案详情"],"fullName":" ArchiveDetail.vue 设备档案详情 档案接口失败时显示空态而不是抛错","status":"passed","title":"档案接口失败时显示空态而不是抛错","duration":13,"failureMessages":[]},{"ancestorTitles":["","ArchiveDetail.vue 设备档案详情"],"fullName":" ArchiveDetail.vue 设备档案详情 挂载时抽屉已打开也要加载（大屏跳转的主场景）","status":"passed","title":"挂载时抽屉已打开也要加载（大屏跳转的主场景）","duration":32,"failureMessages":[]},{"ancestorTitles":["","ArchiveDetail.vue 设备档案详情"],"fullName":" ArchiveDetail.vue 设备档案详情 抽屉关着时不预取，等打开再加载（避免白发请求）","status":"passed","title":"抽屉关着时不预取，等打开再加载（避免白发请求）","duration":10,"failureMessages":[]},{"ancestorTitles":["","ArchiveDetail.vue 设备档案详情"],"fullName":" ArchiveDetail.vue 设备档案详情 抽屉开着时切换 deviceId 会重新取数","status":"passed","title":"抽屉开着时切换 deviceId 会重新取数","duration":54,"failureMessages":[]}],"startTime":1789796462941,"endTime":1789796463519,"status":"passed","message":"","name":"E:/pycharm/AI_PROJECT_CODE/Fire_Alarm_Sys/frontend/src/views/device/__tests__/ArchiveDetail.spec.js"},{"assertionResults":[{"ancestorTitles":["","ArchiveForm.vue 设备档案表单"],"fullName":" ArchiveForm.vue 设备档案表单 必填项为空时拦截提交","status":"passed","title":"必填项为空时拦截提交","duration":781,"failureMessages":[]},{"ancestorTitles":["","ArchiveForm.vue 设备档案表单"],"fullName":" ArchiveForm.vue 设备档案表单 新增提交时剔除空文本字段并把空日期归一为 null","status":"passed","title":"新增提交时剔除空文本字段并把空日期归一为 null","duration":559,"failureMessages":[]},{"ancestorTitles":["","ArchiveForm.vue 设备档案表单"],"fullName":" ArchiveForm.vue 设备档案表单 设备编码重复时阻止提交并给出冲突提示","status":"passed","title":"设备编码重复时阻止提交并给出冲突提示","duration":562,"failureMessages":[]},{"ancestorTitles":["","ArchiveForm.vue 设备档案表单"],"fullName":" ArchiveForm.vue 设备档案表单 编辑模式回填原值并按类型 schema 渲染扩展属性","status":"passed","title":"编辑模式回填原值并按类型 schema 渲染扩展属性","duration":460,"failureMessages":[]}],"startTime":1789796476568,"endTime":1789796478930,"status":"passed","message":"","name":"E:/pycharm/AI_PROJECT_CODE/Fire_Alarm_Sys/frontend/src/views/device/__tests__/ArchiveForm.spec.js"},{"assertionResults":[{"ancestorTitles":["","ArchiveImport.vue 批量导入"],"fullName":" ArchiveImport.vue 批量导入 未选择文件时导入按钮禁用","status":"passed","title":"未选择文件时导入按钮禁用","duration":127,"failureMessages":[]},{"ancestorTitles":["","ArchiveImport.vue 批量导入"],"fullName":" ArchiveImport.vue 批量导入 上传成功后展示汇总并通知父级刷新","status":"passed","title":"上传成功后展示汇总并通知父级刷新","duration":85,"failureMessages":[]},{"ancestorTitles":["","ArchiveImport.vue 批量导入"],"fullName":" ArchiveImport.vue 批量导入 部分失败时列出失败行明细并保留已导入数据","status":"passed","title":"部分失败时列出失败行明细并保留已导入数据","duration":216,"failureMessages":[]},{"ancestorTitles":["","ArchiveImport.vue 批量导入"],"fullName":" ArchiveImport.vue 批量导入 整批回滚时提示未写入任何数据","status":"passed","title":"整批回滚时提示未写入任何数据","duration":162,"failureMessages":[]},{"ancestorTitles":["","ArchiveImport.vue 批量导入"],"fullName":" ArchiveImport.vue 批量导入 下载模板时以 Blob 触发浏览器下载","status":"passed","title":"下载模板时以 Blob 触发浏览器下载","duration":53,"failureMessages":[]}],"startTime":1789796473052,"endTime":1789796473695,"status":"passed","message":"","name":"E:/pycharm/AI_PROJECT_CODE/Fire_Alarm_Sys/frontend/src/views/device/__tests__/ArchiveImport.spec.js"},{"assertionResults":[{"ancestorTitles":["","DetailDialog.vue"],"fullName":" DetailDialog.vue 打开时加载详情","status":"passed","title":"打开时加载详情","duration":123,"failureMessages":[]},{"ancestorTitles":["","DetailDialog.vue"],"fullName":" DetailDialog.vue 参与人员表显示姓名而非裸用户 ID","status":"passed","title":"参与人员表显示姓名而非裸用户 ID","duration":35,"failureMessages":[]},{"ancestorTitles":["","DetailDialog.vue"],"fullName":" DetailDialog.vue 点「添加人员」打开真正的弹窗（而不是原生 prompt）","status":"passed","title":"点「添加人员」打开真正的弹窗（而不是原生 prompt）","duration":33,"failureMessages":[]},{"ancestorTitles":["","DetailDialog.vue"],"fullName":" DetailDialog.vue 添加弹窗打开时才拉取候选人，且选项渲染真实姓名","status":"passed","title":"添加弹窗打开时才拉取候选人，且选项渲染真实姓名","duration":27,"failureMessages":[]},{"ancestorTitles":["","DetailDialog.vue"],"fullName":" DetailDialog.vue 未选择人员就确定时警告且不调用接口","status":"passed","title":"未选择人员就确定时警告且不调用接口","duration":28,"failureMessages":[]},{"ancestorTitles":["","DetailDialog.vue"],"fullName":" DetailDialog.vue 确定时按 `{user_id}` 走 body、role 走 query 调用接口","status":"passed","title":"确定时按 `{user_id}` 走 body、role 走 query 调用接口","duration":28,"failureMessages":[]},{"ancestorTitles":["","DetailDialog.vue"],"fullName":" DetailDialog.vue 角色留空时回落到「参与者」","status":"passed","title":"角色留空时回落到「参与者」","duration":25,"failureMessages":[]}],"startTime":1789796461296,"endTime":1789796461595,"status":"passed","message":"","name":"E:/pycharm/AI_PROJECT_CODE/Fire_Alarm_Sys/frontend/src/views/drill/__tests__/DetailDialog.spec.js"},{"assertionResults":[{"ancestorTitles":["","EvaluationDialog.vue"],"fullName":" EvaluationDialog.vue 弹窗打开时初始化默认 4 个评估项","status":"passed","title":"弹窗打开时初始化默认 4 个评估项","duration":66,"failureMessages":[]},{"ancestorTitles":["","EvaluationDialog.vue"],"fullName":" EvaluationDialog.vue 弹窗打开时加载演练名称","status":"passed","title":"弹窗打开时加载演练名称","duration":37,"failureMessages":[]},{"ancestorTitles":["","EvaluationDialog.vue"],"fullName":" EvaluationDialog.vue 点击添加评估项会增加一项","status":"passed","title":"点击添加评估项会增加一项","duration":40,"failureMessages":[]},{"ancestorTitles":["","EvaluationDialog.vue"],"fullName":" EvaluationDialog.vue 总分自动计算所有评估项得分之和","status":"passed","title":"总分自动计算所有评估项得分之和","duration":21,"failureMessages":[]},{"ancestorTitles":["","EvaluationDialog.vue"],"fullName":" EvaluationDialog.vue 删除评估项后总分同步更新","status":"passed","title":"删除评估项后总分同步更新","duration":18,"failureMessages":[]},{"ancestorTitles":["","EvaluationDialog.vue"],"fullName":" EvaluationDialog.vue 提交评估时携带正确的 payload 结构","status":"passed","title":"提交评估时携带正确的 payload 结构","duration":45,"failureMessages":[]},{"ancestorTitles":["","EvaluationDialog.vue"],"fullName":" EvaluationDialog.vue 评估项标签为空时提交被阻止","status":"passed","title":"评估项标签为空时提交被阻止","duration":15,"failureMessages":[]},{"ancestorTitles":["","EvaluationDialog.vue"],"fullName":" EvaluationDialog.vue 提交成功后 emit submitted 并关闭","status":"passed","title":"提交成功后 emit submitted 并关闭","duration":35,"failureMessages":[]},{"ancestorTitles":["","EvaluationDialog.vue"],"fullName":" EvaluationDialog.vue drillName 从详情接口派生","status":"passed","title":"drillName 从详情接口派生","duration":35,"failureMessages":[]}],"startTime":1789796468154,"endTime":1789796468466,"status":"passed","message":"","name":"E:/pycharm/AI_PROJECT_CODE/Fire_Alarm_Sys/frontend/src/views/drill/__tests__/EvaluationDialog.spec.js"},{"assertionResults":[{"ancestorTitles":["","PlanFormDialog.vue"],"fullName":" PlanFormDialog.vue 新增模式标题为\"新增演练计划\"","status":"passed","title":"新增模式标题为\"新增演练计划\"","duration":43,"failureMessages":[]},{"ancestorTitles":["","PlanFormDialog.vue"],"fullName":" PlanFormDialog.vue 编辑模式标题为\"编辑演练计划\"","status":"passed","title":"编辑模式标题为\"编辑演练计划\"","duration":14,"failureMessages":[]},{"ancestorTitles":["","PlanFormDialog.vue"],"fullName":" PlanFormDialog.vue 编辑模式打开时加载演练详情回填表单","status":"passed","title":"编辑模式打开时加载演练详情回填表单","duration":10,"failureMessages":[]},{"ancestorTitles":["","PlanFormDialog.vue"],"fullName":" PlanFormDialog.vue 点击添加参与人员会增加一行","status":"passed","title":"点击添加参与人员会增加一行","duration":46,"failureMessages":[]},{"ancestorTitles":["","PlanFormDialog.vue"],"fullName":" PlanFormDialog.vue 打开弹窗时拉取候选人，且选项渲染出真实姓名","status":"passed","title":"打开弹窗时拉取候选人，且选项渲染出真实姓名","duration":15,"failureMessages":[]},{"ancestorTitles":["","PlanFormDialog.vue"],"fullName":" PlanFormDialog.vue 弹窗未打开时不请求候选人","status":"passed","title":"弹窗未打开时不请求候选人","duration":7,"failureMessages":[]},{"ancestorTitles":["","PlanFormDialog.vue"],"fullName":" PlanFormDialog.vue 已在别行选中的人被置为 disabled，不允许一人占两行","status":"passed","title":"已在别行选中的人被置为 disabled，不允许一人占两行","duration":26,"failureMessages":[]},{"ancestorTitles":["","PlanFormDialog.vue"],"fullName":" PlanFormDialog.vue 新增一行时角色默认为「参与者」","status":"passed","title":"新增一行时角色默认为「参与者」","duration":14,"failureMessages":[]},{"ancestorTitles":["","PlanFormDialog.vue"],"fullName":" PlanFormDialog.vue 编辑回填时保留 user_name，供已停用人员回退显示","status":"passed","title":"编辑回填时保留 user_name，供已停用人员回退显示","duration":10,"failureMessages":[]},{"ancestorTitles":["","PlanFormDialog.vue"],"fullName":" PlanFormDialog.vue 提交新增计划时逐人携带角色（此前角色被无声丢弃）","status":"passed","title":"提交新增计划时逐人携带角色（此前角色被无声丢弃）","duration":40,"failureMessages":[]},{"ancestorTitles":["","PlanFormDialog.vue"],"fullName":" PlanFormDialog.vue 角色留空时提交回落到「参与者」","status":"passed","title":"角色留空时提交回落到「参与者」","duration":17,"failureMessages":[]},{"ancestorTitles":["","PlanFormDialog.vue"],"fullName":" PlanFormDialog.vue 提交编辑计划时调用 updateDrill","status":"passed","title":"提交编辑计划时调用 updateDrill","duration":16,"failureMessages":[]},{"ancestorTitles":["","PlanFormDialog.vue"],"fullName":" PlanFormDialog.vue 提交成功后 emit submitted 事件并关闭弹窗","status":"passed","title":"提交成功后 emit submitted 事件并关闭弹窗","duration":22,"failureMessages":[]},{"ancestorTitles":["","PlanFormDialog.vue"],"fullName":" PlanFormDialog.vue 参与人员 user_id 缺失时警告且不提交","status":"passed","title":"参与人员 user_id 缺失时警告且不提交","duration":17,"failureMessages":[]}],"startTime":1789796460855,"endTime":1789796461155,"status":"passed","message":"","name":"E:/pycharm/AI_PROJECT_CODE/Fire_Alarm_Sys/frontend/src/views/drill/__tests__/PlanFormDialog.spec.js"},{"assertionResults":[{"ancestorTitles":["","应急事件列表（3.5-F1）"],"fullName":" 应急事件列表（3.5-F1） T6-1: 渲染事件表格并展示编号 / 状态 / 关联报警","status":"passed","title":"T6-1: 渲染事件表格并展示编号 / 状态 / 关联报警","duration":1066,"failureMessages":[]},{"ancestorTitles":["","应急事件列表（3.5-F1）"],"fullName":" 应急事件列表（3.5-F1） T6-2: 状态筛选把所选值透传给查询接口","status":"passed","title":"T6-2: 状态筛选把所选值透传给查询接口","duration":601,"failureMessages":[]},{"ancestorTitles":["","应急事件列表（3.5-F1）"],"fullName":" 应急事件列表（3.5-F1） T6-3: 点击详情打开抽屉并渲染时间轴组件","status":"passed","title":"T6-3: 点击详情打开抽屉并渲染时间轴组件","duration":513,"failureMessages":[]},{"ancestorTitles":["","应急事件列表（3.5-F1）"],"fullName":" 应急事件列表（3.5-F1） T6-4: 无导出权限时报告按钮被隐藏","status":"passed","title":"T6-4: 无导出权限时报告按钮被隐藏","duration":548,"failureMessages":[]},{"ancestorTitles":["","应急事件列表（3.5-F1）"],"fullName":" 应急事件列表（3.5-F1） T6-5: 导出报告调用接口并触发浏览器下载（FR-030）","status":"passed","title":"T6-5: 导出报告调用接口并触发浏览器下载（FR-030）","duration":576,"failureMessages":[]},{"ancestorTitles":["","应急事件列表（3.5-F1）"],"fullName":" 应急事件列表（3.5-F1） T6-6: 处置完成弹窗填写总结后调用 resolveEvent 并刷新列表","status":"passed","title":"T6-6: 处置完成弹窗填写总结后调用 resolveEvent 并刷新列表","duration":487,"failureMessages":[]},{"ancestorTitles":["","应急事件列表（3.5-F1）"],"fullName":" 应急事件列表（3.5-F1） T6-7: 取消处置完成弹窗时不调用接口","status":"passed","title":"T6-7: 取消处置完成弹窗时不调用接口","duration":422,"failureMessages":[]},{"ancestorTitles":["","应急事件列表（3.5-F1）"],"fullName":" 应急事件列表（3.5-F1） T6-8: 关闭事件二次确认后调用 closeEvent；取消则不调用","status":"passed","title":"T6-8: 关闭事件二次确认后调用 closeEvent；取消则不调用","duration":419,"failureMessages":[]},{"ancestorTitles":["","应急事件列表（3.5-F1）"],"fullName":" 应急事件列表（3.5-F1） T6-9: 无 emergency:resolve / emergency:close 权限时两个执行按钮均隐藏","status":"passed","title":"T6-9: 无 emergency:resolve / emergency:close 权限时两个执行按钮均隐藏","duration":454,"failureMessages":[]},{"ancestorTitles":["","应急事件列表（3.5-F1）"],"fullName":" 应急事件列表（3.5-F1） T6-10: 已关闭的事件不再提供处置完成与关闭事件","status":"passed","title":"T6-10: 已关闭的事件不再提供处置完成与关闭事件","duration":368,"failureMessages":[]},{"ancestorTitles":["","应急事件列表（3.5-F1）"],"fullName":" 应急事件列表（3.5-F1） T6-11: 详情内时间轴按 emergency:timeline 权限决定可编辑或只读","status":"passed","title":"T6-11: 详情内时间轴按 emergency:timeline 权限决定可编辑或只读","duration":829,"failureMessages":[]}],"startTime":1789796461404,"endTime":1789796467687,"status":"passed","message":"","name":"E:/pycharm/AI_PROJECT_CODE/Fire_Alarm_Sys/frontend/src/views/emergency/__tests__/Event.spec.js"},{"assertionResults":[{"ancestorTitles":["","弹窗 v-model 契约（静态守卫）"],"fullName":" 弹窗 v-model 契约（静态守卫） T1: 扫描范围有效（防止 glob 写错导致守卫空转）","status":"passed","title":"T1: 扫描范围有效（防止 glob 写错导致守卫空转）","duration":2,"failureMessages":[]},{"ancestorTitles":["","弹窗 v-model 契约（静态守卫）"],"fullName":" 弹窗 v-model 契约（静态守卫） T2: 声明了 modelValue 的组件，浮层必须真的绑在它上面","status":"passed","title":"T2: 声明了 modelValue 的组件，浮层必须真的绑在它上面","duration":16,"failureMessages":[]},{"ancestorTitles":["","弹窗 v-model 契约（静态守卫）"],"fullName":" 弹窗 v-model 契约（静态守卫） T3: 已修好的组件不得误报","status":"passed","title":"T3: 已修好的组件不得误报","duration":2,"failureMessages":[]},{"ancestorTitles":["","弹窗 v-model 契约（静态守卫）"],"fullName":" 弹窗 v-model 契约（静态守卫） T4: 守卫能识别出缺陷写法本身（自检，否则正则写错会恒绿）","status":"passed","title":"T4: 守卫能识别出缺陷写法本身（自检，否则正则写错会恒绿）","duration":0,"failureMessages":[]},{"ancestorTitles":["","弹窗 v-model 契约（静态守卫）"],"fullName":" 弹窗 v-model 契约（静态守卫） T5: 注释里提到 props.modelValue 不算消费（否则守卫会被注释骗过）","status":"passed","title":"T5: 注释里提到 props.modelValue 不算消费（否则守卫会被注释骗过）","duration":0,"failureMessages":[]}],"startTime":1789796445310,"endTime":1789796445331,"status":"passed","message":"","name":"E:/pycharm/AI_PROJECT_CODE/Fire_Alarm_Sys/frontend/src/views/inspection/__tests__/dialogContract.spec.js"},{"assertionResults":[{"ancestorTitles":["","ExecutionDialog.vue"],"fullName":" ExecutionDialog.vue T1: 必须调「应检设备」端点，不能回退到全量 /devices","status":"passed","title":"T1: 必须调「应检设备」端点，不能回退到全量 /devices","duration":381,"failureMessages":[]},{"ancestorTitles":["","ExecutionDialog.vue"],"fullName":" ExecutionDialog.vue T2: 应检设备渲染进表格","status":"passed","title":"T2: 应检设备渲染进表格","duration":102,"failureMessages":[]},{"ancestorTitles":["","ExecutionDialog.vue"],"fullName":" ExecutionDialog.vue T3: 设备为空时给出说明文案，而不是一张看不出所以然的空表格","status":"passed","title":"T3: 设备为空时给出说明文案，而不是一张看不出所以然的空表格","duration":108,"failureMessages":[]},{"ancestorTitles":["","ExecutionDialog.vue"],"fullName":" ExecutionDialog.vue T4: 未选设备时提交应被拦下**并给出提示**","status":"passed","title":"T4: 未选设备时提交应被拦下**并给出提示**","duration":98,"failureMessages":[]},{"ancestorTitles":["","ExecutionDialog.vue"],"fullName":" ExecutionDialog.vue T5: 选中设备后提交带上 task_id 与该设备 id","status":"passed","title":"T5: 选中设备后提交带上 task_id 与该设备 id","duration":176,"failureMessages":[]},{"ancestorTitles":["","ExecutionDialog.vue"],"fullName":" ExecutionDialog.vue T6: taskId 变化后重新拉取（换任务不能沿用上一个任务的设备）","status":"passed","title":"T6: taskId 变化后重新拉取（换任务不能沿用上一个任务的设备）","duration":92,"failureMessages":[]}],"startTime":1789796467968,"endTime":1789796468925,"status":"passed","message":"","name":"E:/pycharm/AI_PROJECT_CODE/Fire_Alarm_Sys/frontend/src/views/inspection/__tests__/ExecutionDialog.spec.js"},{"assertionResults":[{"ancestorTitles":["","巡检计划列表页（3.6-F1）"],"fullName":" 巡检计划列表页（3.6-F1） T1: 渲染表格并展示计划名称、区域映射、设备类型映射","status":"passed","title":"T1: 渲染表格并展示计划名称、区域映射、设备类型映射","duration":608,"failureMessages":[]},{"ancestorTitles":["","巡检计划列表页（3.6-F1）"],"fullName":" 巡检计划列表页（3.6-F1） T2: 周期类型标签映射正确","status":"passed","title":"T2: 周期类型标签映射正确","duration":457,"failureMessages":[]},{"ancestorTitles":["","巡检计划列表页（3.6-F1）"],"fullName":" 巡检计划列表页（3.6-F1） T3: 责任人映射正确","status":"passed","title":"T3: 责任人映射正确","duration":465,"failureMessages":[]},{"ancestorTitles":["","巡检计划列表页（3.6-F1）"],"fullName":" 巡检计划列表页（3.6-F1） T4: 状态标签映射正确","status":"passed","title":"T4: 状态标签映射正确","duration":317,"failureMessages":[]},{"ancestorTitles":["","巡检计划列表页（3.6-F1）"],"fullName":" 巡检计划列表页（3.6-F1） T5: 操作列按钮可见性","status":"passed","title":"T5: 操作列按钮可见性","duration":255,"failureMessages":[]},{"ancestorTitles":["","巡检计划列表页（3.6-F1）"],"fullName":" 巡检计划列表页（3.6-F1） T6: 状态筛选把所选值透传给查询接口","status":"passed","title":"T6: 状态筛选把所选值透传给查询接口","duration":385,"failureMessages":[]},{"ancestorTitles":["","巡检计划列表页（3.6-F1）"],"fullName":" 巡检计划列表页（3.6-F1） T7: 区域筛选透传 org_id","status":"passed","title":"T7: 区域筛选透传 org_id","duration":309,"failureMessages":[]},{"ancestorTitles":["","巡检计划列表页（3.6-F1）"],"fullName":" 巡检计划列表页（3.6-F1） T8: 分页切换触发数据加载","status":"passed","title":"T8: 分页切换触发数据加载","duration":396,"failureMessages":[]},{"ancestorTitles":["","巡检计划列表页（3.6-F1）"],"fullName":" 巡检计划列表页（3.6-F1） T9: 点击新增计划打开 PlanForm 弹窗","status":"passed","title":"T9: 点击新增计划打开 PlanForm 弹窗","duration":365,"failureMessages":[]},{"ancestorTitles":["","巡检计划列表页（3.6-F1）"],"fullName":" 巡检计划列表页（3.6-F1） T10: 点击编辑打开 PlanForm 并传入当前计划","status":"passed","title":"T10: 点击编辑打开 PlanForm 并传入当前计划","duration":321,"failureMessages":[]},{"ancestorTitles":["","巡检计划列表页（3.6-F1）"],"fullName":" 巡检计划列表页（3.6-F1） T11: 点击生成任务调用接口并刷新列表","status":"passed","title":"T11: 点击生成任务调用接口并刷新列表","duration":304,"failureMessages":[]},{"ancestorTitles":["","巡检计划列表页（3.6-F1）"],"fullName":" 巡检计划列表页（3.6-F1） T12: 点击停用调用切换接口并传入取反后的状态","status":"passed","title":"T12: 点击停用调用切换接口并传入取反后的状态","duration":263,"failureMessages":[]},{"ancestorTitles":["","巡检计划列表页（3.6-F1）"],"fullName":" 巡检计划列表页（3.6-F1） T13: 点击启用调用切换接口并传入 true","status":"passed","title":"T13: 点击启用调用切换接口并传入 true","duration":277,"failureMessages":[]},{"ancestorTitles":["","巡检计划列表页（3.6-F1）"],"fullName":" 巡检计划列表页（3.6-F1） T14: 删除需二次确认，确认后调用删除接口","status":"passed","title":"T14: 删除需二次确认，确认后调用删除接口","duration":275,"failureMessages":[]},{"ancestorTitles":["","巡检计划列表页（3.6-F1）"],"fullName":" 巡检计划列表页（3.6-F1） T15: 取消二次确认时不调用删除接口","status":"passed","title":"T15: 取消二次确认时不调用删除接口","duration":313,"failureMessages":[]}],"startTime":1789796461314,"endTime":1789796466624,"status":"passed","message":"","name":"E:/pycharm/AI_PROJECT_CODE/Fire_Alarm_Sys/frontend/src/views/inspection/__tests__/Plan.spec.js"},{"assertionResults":[{"ancestorTitles":["","PlanDetail.vue"],"fullName":" PlanDetail.vue T1: modelValue=true 时弹窗必须真的打开","status":"passed","title":"T1: modelValue=true 时弹窗必须真的打开","duration":293,"failureMessages":[]},{"ancestorTitles":["","PlanDetail.vue"],"fullName":" PlanDetail.vue T2: 打开时按 planId 拉计划详情","status":"passed","title":"T2: 打开时按 planId 拉计划详情","duration":177,"failureMessages":[]},{"ancestorTitles":["","PlanDetail.vue"],"fullName":" PlanDetail.vue T3: 任务列表必须按 plan_id 过滤，不能把全量任务当成该计划的任务","status":"passed","title":"T3: 任务列表必须按 plan_id 过滤，不能把全量任务当成该计划的任务","duration":72,"failureMessages":[]},{"ancestorTitles":["","PlanDetail.vue"],"fullName":" PlanDetail.vue T4: 记录数列读 records_count（后端真实计数），不是恒空的 records","status":"passed","title":"T4: 记录数列读 records_count（后端真实计数），不是恒空的 records","duration":92,"failureMessages":[]},{"ancestorTitles":["","PlanDetail.vue"],"fullName":" PlanDetail.vue T5: 待执行状态的 el-tag 不得用空串 type","status":"passed","title":"T5: 待执行状态的 el-tag 不得用空串 type","duration":94,"failureMessages":[]},{"ancestorTitles":["","PlanDetail.vue"],"fullName":" PlanDetail.vue T6: 关闭时 emit update:modelValue(false)","status":"passed","title":"T6: 关闭时 emit update:modelValue(false)","duration":54,"failureMessages":[]},{"ancestorTitles":["","PlanDetail.vue"],"fullName":" PlanDetail.vue T7: modelValue=false 时不渲染内容","status":"passed","title":"T7: modelValue=false 时不渲染内容","duration":4,"failureMessages":[]}],"startTime":1789796470674,"endTime":1789796471460,"status":"passed","message":"","name":"E:/pycharm/AI_PROJECT_CODE/Fire_Alarm_Sys/frontend/src/views/inspection/__tests__/PlanDetail.spec.js"},{"assertionResults":[{"ancestorTitles":["","PlanForm.vue"],"fullName":" PlanForm.vue T1: 渲染表单字段","status":"passed","title":"T1: 渲染表单字段","duration":808,"failureMessages":[]},{"ancestorTitles":["","PlanForm.vue"],"fullName":" PlanForm.vue T2: 必填校验拦截空提交","status":"passed","title":"T2: 必填校验拦截空提交","duration":608,"failureMessages":[]},{"ancestorTitles":["","PlanForm.vue"],"fullName":" PlanForm.vue T3: 新增模式提交成功","status":"passed","title":"T3: 新增模式提交成功","duration":597,"failureMessages":[]},{"ancestorTitles":["","PlanForm.vue"],"fullName":" PlanForm.vue T4: 编辑模式提交成功","status":"passed","title":"T4: 编辑模式提交成功","duration":572,"failureMessages":[]},{"ancestorTitles":["","PlanForm.vue"],"fullName":" PlanForm.vue T6: 编辑提交成功后不得弹出错误提示","status":"passed","title":"T6: 编辑提交成功后不得弹出错误提示","duration":632,"failureMessages":[]},{"ancestorTitles":["","PlanForm.vue"],"fullName":" PlanForm.vue T5: 取消关闭弹窗并 emit update:modelValue","status":"passed","title":"T5: 取消关闭弹窗并 emit update:modelValue","duration":467,"failureMessages":[]}],"startTime":1789796461236,"endTime":1789796464920,"status":"passed","message":"","name":"E:/pycharm/AI_PROJECT_CODE/Fire_Alarm_Sys/frontend/src/views/inspection/__tests__/PlanForm.spec.js"},{"assertionResults":[{"ancestorTitles":["","RecordViewer.vue"],"fullName":" RecordViewer.vue T1: modelValue=true 时弹窗必须真的打开","status":"passed","title":"T1: modelValue=true 时弹窗必须真的打开","duration":192,"failureMessages":[]},{"ancestorTitles":["","RecordViewer.vue"],"fullName":" RecordViewer.vue T2: modelValue=false 时不渲染内容","status":"passed","title":"T2: modelValue=false 时不渲染内容","duration":13,"failureMessages":[]},{"ancestorTitles":["","RecordViewer.vue"],"fullName":" RecordViewer.vue T3: 打开时按 task_id 拉取记录并渲染","status":"passed","title":"T3: 打开时按 task_id 拉取记录并渲染","duration":45,"failureMessages":[]},{"ancestorTitles":["","RecordViewer.vue"],"fullName":" RecordViewer.vue T4: 关闭时 emit update:modelValue(false)，父组件的 v-model 才会跟着复位","status":"passed","title":"T4: 关闭时 emit update:modelValue(false)，父组件的 v-model 才会跟着复位","duration":43,"failureMessages":[]},{"ancestorTitles":["","RecordViewer.vue"],"fullName":" RecordViewer.vue T5: 打开后再传 modelValue=false 能关掉（父组件可外部控制）","status":"passed","title":"T5: 打开后再传 modelValue=false 能关掉（父组件可外部控制）","duration":49,"failureMessages":[]}],"startTime":1789796478603,"endTime":1789796478945,"status":"passed","message":"","name":"E:/pycharm/AI_PROJECT_CODE/Fire_Alarm_Sys/frontend/src/views/inspection/__tests__/RecordViewer.spec.js"},{"assertionResults":[{"ancestorTitles":["","StatsDialog.vue"],"fullName":" StatsDialog.vue T1: modelValue=true 时弹窗必须真的打开","status":"passed","title":"T1: modelValue=true 时弹窗必须真的打开","duration":125,"failureMessages":[]},{"ancestorTitles":["","StatsDialog.vue"],"fullName":" StatsDialog.vue T2: 展示的是任务行里的真实数据，不是占位假数据","status":"passed","title":"T2: 展示的是任务行里的真实数据，不是占位假数据","duration":29,"failureMessages":[]},{"ancestorTitles":["","StatsDialog.vue"],"fullName":" StatsDialog.vue T3: 已记录数取 records_count（后端真实计数）","status":"passed","title":"T3: 已记录数取 records_count（后端真实计数）","duration":45,"failureMessages":[]},{"ancestorTitles":["","StatsDialog.vue"],"fullName":" StatsDialog.vue T9: 已记录数与异常/正常次数三者必须自洽","status":"passed","title":"T9: 已记录数与异常/正常次数三者必须自洽","duration":26,"failureMessages":[]},{"ancestorTitles":["","StatsDialog.vue"],"fullName":" StatsDialog.vue T4: 异常次数走后端 result=abnormal 的 total，而不是恒 0 的本地 ref","status":"passed","title":"T4: 异常次数走后端 result=abnormal 的 total，而不是恒 0 的本地 ref","duration":19,"failureMessages":[]},{"ancestorTitles":["","StatsDialog.vue"],"fullName":" StatsDialog.vue T5: 正常次数 = 已记录数 - 异常次数","status":"passed","title":"T5: 正常次数 = 已记录数 - 异常次数","duration":15,"failureMessages":[]},{"ancestorTitles":["","StatsDialog.vue"],"fullName":" StatsDialog.vue T6: 周期类型读 plan_cycle_type（后端真实字段名），渲染成中文","status":"passed","title":"T6: 周期类型读 plan_cycle_type（后端真实字段名），渲染成中文","duration":21,"failureMessages":[]},{"ancestorTitles":["","StatsDialog.vue"],"fullName":" StatsDialog.vue T7: 关闭时 emit update:modelValue(false)","status":"passed","title":"T7: 关闭时 emit update:modelValue(false)","duration":40,"failureMessages":[]},{"ancestorTitles":["","StatsDialog.vue"],"fullName":" StatsDialog.vue T8: 统计接口失败不得把弹窗搞崩，异常次数降级但页面仍在","status":"passed","title":"T8: 统计接口失败不得把弹窗搞崩，异常次数降级但页面仍在","duration":35,"failureMessages":[]}],"startTime":1789796461154,"endTime":1789796461510,"status":"passed","message":"","name":"E:/pycharm/AI_PROJECT_CODE/Fire_Alarm_Sys/frontend/src/views/inspection/__tests__/StatsDialog.spec.js"},{"assertionResults":[{"ancestorTitles":["","联动日志页（3.4-B5）"],"fullName":" 联动日志页（3.4-B5） L1: 按统一信封读取并渲染展示字段","status":"passed","title":"L1: 按统一信封读取并渲染展示字段","duration":698,"failureMessages":[]},{"ancestorTitles":["","联动日志页（3.4-B5）"],"fullName":" 联动日志页（3.4-B5） L2: 演练告警产生的日志带「演练」标记","status":"passed","title":"L2: 演练告警产生的日志带「演练」标记","duration":443,"failureMessages":[]},{"ancestorTitles":["","联动日志页（3.4-B5）"],"fullName":" 联动日志页（3.4-B5） L3: 历史模拟日志（无告警）显示「模拟」而非「演练」","status":"passed","title":"L3: 历史模拟日志（无告警）显示「模拟」而非「演练」","duration":420,"failureMessages":[]},{"ancestorTitles":["","联动日志页（3.4-B5）"],"fullName":" 联动日志页（3.4-B5） L4: 分页总数从 data.total 读取","status":"passed","title":"L4: 分页总数从 data.total 读取","duration":437,"failureMessages":[]},{"ancestorTitles":["","联动日志页（3.4-B5）"],"fullName":" 联动日志页（3.4-B5） L5: 收到裸返回（旧形状）时不得当成成功","status":"passed","title":"L5: 收到裸返回（旧形状）时不得当成成功","duration":366,"failureMessages":[]},{"ancestorTitles":["","联动日志页（3.4-B5）"],"fullName":" 联动日志页（3.4-B5） L6: 筛选条件透传，空值不上送（后端是 Optional[int]，空串会 422）","status":"passed","title":"L6: 筛选条件透传，空值不上送（后端是 Optional[int]，空串会 422）","duration":408,"failureMessages":[]},{"ancestorTitles":["","联动日志页（3.4-B5）"],"fullName":" 联动日志页（3.4-B5） L7: 接口失败时不抛错，列表保持为空","status":"passed","title":"L7: 接口失败时不抛错，列表保持为空","duration":416,"failureMessages":[]}],"startTime":1789796474390,"endTime":1789796477579,"status":"passed","message":"","name":"E:/pycharm/AI_PROJECT_CODE/Fire_Alarm_Sys/frontend/src/views/linkage/__tests__/Logs.spec.js"},{"assertionResults":[{"ancestorTitles":["","联动预案列表页（3.4-F1）"],"fullName":" 联动预案列表页（3.4-F1） T1: 按统一信封读取列表并渲染","status":"passed","title":"T1: 按统一信封读取列表并渲染","duration":1249,"failureMessages":[]},{"ancestorTitles":["","联动预案列表页（3.4-F1）"],"fullName":" 联动预案列表页（3.4-F1） T2: 分页总数从 data.total 读取","status":"passed","title":"T2: 分页总数从 data.total 读取","duration":651,"failureMessages":[]},{"ancestorTitles":["","联动预案列表页（3.4-F1）"],"fullName":" 联动预案列表页（3.4-F1） T3: 收到裸返回（旧形状）时不得当成成功","status":"passed","title":"T3: 收到裸返回（旧形状）时不得当成成功","duration":805,"failureMessages":[]},{"ancestorTitles":["","联动预案列表页（3.4-F1）"],"fullName":" 联动预案列表页（3.4-F1） T4: 筛选条件透传给查询接口","status":"passed","title":"T4: 筛选条件透传给查询接口","duration":785,"failureMessages":[]},{"ancestorTitles":["","联动预案列表页（3.4-F1）"],"fullName":" 联动预案列表页（3.4-F1） T5: 接口失败时不抛错，列表保持为空","status":"passed","title":"T5: 接口失败时不抛错，列表保持为空","duration":567,"failureMessages":[]},{"ancestorTitles":["","联动预案列表页（3.4-F1）"],"fullName":" 联动预案列表页（3.4-F1） T6: 关联区域列显示后端返回的 org_name","status":"passed","title":"T6: 关联区域列显示后端返回的 org_name","duration":676,"failureMessages":[]},{"ancestorTitles":["","联动预案列表页（3.4-F1）"],"fullName":" 联动预案列表页（3.4-F1） T7: 详情的关联区域同样读 org_name","status":"passed","title":"T7: 详情的关联区域同样读 org_name","duration":634,"failureMessages":[]},{"ancestorTitles":["","联动预案列表页（3.4-F1）"],"fullName":" 联动预案列表页（3.4-F1） T8: 区域缺失时回落为 -，而不是渲染 undefined","status":"passed","title":"T8: 区域缺失时回落为 -，而不是渲染 undefined","duration":539,"failureMessages":[]},{"ancestorTitles":["","联动预案列表页（3.4-F1）"],"fullName":" 联动预案列表页（3.4-F1） T9: 区域下拉取自组织接口，而非硬编码桩数据","status":"passed","title":"T9: 区域下拉取自组织接口，而非硬编码桩数据","duration":765,"failureMessages":[]},{"ancestorTitles":["","联动预案列表页（3.4-F1）"],"fullName":" 联动预案列表页（3.4-F1） T10: 组织接口失败时不炸掉页面，列表照常渲染","status":"passed","title":"T10: 组织接口失败时不炸掉页面，列表照常渲染","duration":794,"failureMessages":[]},{"ancestorTitles":["","联动预案列表页（3.4-F1）"],"fullName":" 联动预案列表页（3.4-F1） T11: 关闭「允许模拟测试」的预案，模拟按钮置灰","status":"passed","title":"T11: 关闭「允许模拟测试」的预案，模拟按钮置灰","duration":663,"failureMessages":[]},{"ancestorTitles":["","联动预案列表页（3.4-F1）"],"fullName":" 联动预案列表页（3.4-F1） T12: 模拟命中本预案时，提示里给出命中数与执行结果","status":"passed","title":"T12: 模拟命中本预案时，提示里给出命中数与执行结果","duration":677,"failureMessages":[]},{"ancestorTitles":["","联动预案列表页（3.4-F1）"],"fullName":" 联动预案列表页（3.4-F1） T13: 演练告警没命中本预案时给出警示，而不是报「完成」","status":"passed","title":"T13: 演练告警没命中本预案时给出警示，而不是报「完成」","duration":870,"failureMessages":[]},{"ancestorTitles":["","联动预案列表页（3.4-F1）"],"fullName":" 联动预案列表页（3.4-F1） T14: 模拟被后端拒绝时，用后端给的原因提示","status":"passed","title":"T14: 模拟被后端拒绝时，用后端给的原因提示","duration":762,"failureMessages":[]}],"startTime":1789796461568,"endTime":1789796472007,"status":"passed","message":"","name":"E:/pycharm/AI_PROJECT_CODE/Fire_Alarm_Sys/frontend/src/views/linkage/__tests__/Plan.spec.js"},{"assertionResults":[{"ancestorTitles":["","监控大屏（F-13 / FR-014）"],"fullName":" 监控大屏（F-13 / FR-014） 未确认火警置顶渲染，呼吸灯只作用于未消音火警","status":"passed","title":"未确认火警置顶渲染，呼吸灯只作用于未消音火警","duration":452,"failureMessages":[]},{"ancestorTitles":["","监控大屏（F-13 / FR-014）"],"fullName":" 监控大屏（F-13 / FR-014） 静音与消音操作按权限呈现并落到接口","status":"passed","title":"静音与消音操作按权限呈现并落到接口","duration":451,"failureMessages":[]}],"startTime":1789796463544,"endTime":1789796464447,"status":"passed","message":"","name":"E:/pycharm/AI_PROJECT_CODE/Fire_Alarm_Sys/frontend/src/views/monitor/__tests__/Dashboard.spec.js"},{"assertionResults":[{"ancestorTitles":["","维修工单列表页（3.7-F1）"],"fullName":" 维修工单列表页（3.7-F1） T1: 渲染工单表格并展示编号、设备名称、状态","status":"passed","title":"T1: 渲染工单表格并展示编号、设备名称、状态","duration":809,"failureMessages":[]},{"ancestorTitles":["","维修工单列表页（3.7-F1）"],"fullName":" 维修工单列表页（3.7-F1） T2: 状态筛选把所选值透传给查询接口","status":"passed","title":"T2: 状态筛选把所选值透传给查询接口","duration":735,"failureMessages":[]},{"ancestorTitles":["","维修工单列表页（3.7-F1）"],"fullName":" 维修工单列表页（3.7-F1） T3: 待派单工单显示派单按钮","status":"passed","title":"T3: 待派单工单显示派单按钮","duration":488,"failureMessages":[]},{"ancestorTitles":["","维修工单列表页（3.7-F1）"],"fullName":" 维修工单列表页（3.7-F1） T4: 维修中工单显示完成维修按钮","status":"passed","title":"T4: 维修中工单显示完成维修按钮","duration":408,"failureMessages":[]},{"ancestorTitles":["","维修工单列表页（3.7-F1）"],"fullName":" 维修工单列表页（3.7-F1） T5: 待验收工单显示验收通过和验收退回按钮","status":"passed","title":"T5: 待验收工单显示验收通过和验收退回按钮","duration":467,"failureMessages":[]},{"ancestorTitles":["","维修工单列表页（3.7-F1）"],"fullName":" 维修工单列表页（3.7-F1） T6: 点击详情按钮打开详情弹窗","status":"passed","title":"T6: 点击详情按钮打开详情弹窗","duration":504,"failureMessages":[]},{"ancestorTitles":["","维修工单列表页（3.7-F1）"],"fullName":" 维修工单列表页（3.7-F1） T7: 点击创建工单按钮打开创建弹窗","status":"passed","title":"T7: 点击创建工单按钮打开创建弹窗","duration":454,"failureMessages":[]},{"ancestorTitles":["","维修工单列表页（3.7-F1）"],"fullName":" 维修工单列表页（3.7-F1） T8: 重置筛选条件后重新查询","status":"passed","title":"T8: 重置筛选条件后重新查询","duration":395,"failureMessages":[]},{"ancestorTitles":["","维修工单列表页（3.7-F1）"],"fullName":" 维修工单列表页（3.7-F1） T9: 分页切换触发数据加载","status":"passed","title":"T9: 分页切换触发数据加载","duration":417,"failureMessages":[]},{"ancestorTitles":["","维修工单列表页（3.7-F1）"],"fullName":" 维修工单列表页（3.7-F1） T10: 状态标签映射正确","status":"passed","title":"T10: 状态标签映射正确","duration":368,"failureMessages":[]},{"ancestorTitles":["","开始维修（3.7 FR-039 状态流转）"],"fullName":" 开始维修（3.7 FR-039 状态流转） T11: 持有 repair:repair 时，已派单工单显示「开始维修」","status":"passed","title":"T11: 持有 repair:repair 时，已派单工单显示「开始维修」","duration":368,"failureMessages":[]},{"ancestorTitles":["","开始维修（3.7 FR-039 状态流转）"],"fullName":" 开始维修（3.7 FR-039 状态流转） T12: 无 repair:repair 时不显示「开始维修」","status":"passed","title":"T12: 无 repair:repair 时不显示「开始维修」","duration":357,"failureMessages":[]},{"ancestorTitles":["","开始维修（3.7 FR-039 状态流转）"],"fullName":" 开始维修（3.7 FR-039 状态流转） T13: 点「开始维修」调 /start 并刷新列表","status":"passed","title":"T13: 点「开始维修」调 /start 并刷新列表","duration":367,"failureMessages":[]},{"ancestorTitles":["","开始维修（3.7 FR-039 状态流转）"],"fullName":" 开始维修（3.7 FR-039 状态流转） T14: 已退回工单的「重新维修」调 /start，而不是 /complete","status":"passed","title":"T14: 已退回工单的「重新维修」调 /start，而不是 /complete","duration":458,"failureMessages":[]},{"ancestorTitles":["","开始维修（3.7 FR-039 状态流转）"],"fullName":" 开始维修（3.7 FR-039 状态流转） T15: 维修人候选查询只向持有 repair:repair 的用户要数据","status":"passed","title":"T15: 维修人候选查询只向持有 repair:repair 的用户要数据","duration":469,"failureMessages":[]},{"ancestorTitles":["","操作列权限门控（与后端同口径：判权限码，不判角色码）"],"fullName":" 操作列权限门控（与后端同口径：判权限码，不判角色码） T16: 持有 repair:assign 时显示「派单」","status":"passed","title":"T16: 持有 repair:assign 时显示「派单」","duration":510,"failureMessages":[]},{"ancestorTitles":["","操作列权限门控（与后端同口径：判权限码，不判角色码）"],"fullName":" 操作列权限门控（与后端同口径：判权限码，不判角色码） T17: 角色码是 chief 但没有 repair:assign 时不显示「派单」","status":"passed","title":"T17: 角色码是 chief 但没有 repair:assign 时不显示「派单」","duration":497,"failureMessages":[]},{"ancestorTitles":["","操作列权限门控（与后端同口径：判权限码，不判角色码）"],"fullName":" 操作列权限门控（与后端同口径：判权限码，不判角色码） T18: 非 chief 角色只要持有 repair:assign 就显示「派单」","status":"passed","title":"T18: 非 chief 角色只要持有 repair:assign 就显示「派单」","duration":437,"failureMessages":[]},{"ancestorTitles":["","操作列权限门控（与后端同口径：判权限码，不判角色码）"],"fullName":" 操作列权限门控（与后端同口径：判权限码，不判角色码） T19: 持有 repair:accept 时显示验收按钮","status":"passed","title":"T19: 持有 repair:accept 时显示验收按钮","duration":435,"failureMessages":[]},{"ancestorTitles":["","操作列权限门控（与后端同口径：判权限码，不判角色码）"],"fullName":" 操作列权限门控（与后端同口径：判权限码，不判角色码） T20: 无 repair:accept 时不显示验收按钮","status":"passed","title":"T20: 无 repair:accept 时不显示验收按钮","duration":494,"failureMessages":[]}],"startTime":1789796461274,"endTime":1789796470713,"status":"passed","message":"","name":"E:/pycharm/AI_PROJECT_CODE/Fire_Alarm_Sys/frontend/src/views/repair/__tests__/OrderList.spec.js"},{"assertionResults":[{"ancestorTitles":["","维修统计页（3.7-F6）"],"fullName":" 维修统计页（3.7-F6） T1: 概览数据从信封的 data 中正确读出","status":"passed","title":"T1: 概览数据从信封的 data 中正确读出","duration":359,"failureMessages":[]},{"ancestorTitles":["","维修统计页（3.7-F6）"],"fullName":" 维修统计页（3.7-F6） T2: 状态分布计数按下标生效","status":"passed","title":"T2: 状态分布计数按下标生效","duration":204,"failureMessages":[]},{"ancestorTitles":["","维修统计页（3.7-F6）"],"fullName":" 维修统计页（3.7-F6） T3: 三个列表类统计都从信封的 data.items 中读出","status":"passed","title":"T3: 三个列表类统计都从信封的 data.items 中读出","duration":240,"failureMessages":[]},{"ancestorTitles":["","维修统计页（3.7-F6）"],"fullName":" 维修统计页（3.7-F6） T4: 四个接口都是被本页发起的，且失败时不静默","status":"passed","title":"T4: 四个接口都是被本页发起的，且失败时不静默","duration":167,"failureMessages":[]}],"startTime":1789796472704,"endTime":1789796473674,"status":"passed","message":"","name":"E:/pycharm/AI_PROJECT_CODE/Fire_Alarm_Sys/frontend/src/views/repair/__tests__/RepairStatistics.spec.js"}]}